#
# There is insufficient memory for the Java Runtime Environment to continue.
# Native memory allocation (malloc) failed to allocate 1713936 bytes for Chunk::new
# Possible reasons:
#   The system is out of physical RAM or swap space
#   The process is running with CompressedOops enabled, and the Java Heap may be blocking the growth of the native heap
# Possible solutions:
#   Reduce memory load on the system
#   Increase physical memory or swap space
#   Check if swap backing store is full
#   Decrease Java heap size (-Xmx/-Xms)
#   Decrease number of Java threads
#   Decrease Java thread stack sizes (-Xss)
#   Set larger code cache with -XX:ReservedCodeCacheSize=
#   JVM is running with Unscaled Compressed Oops mode in which the Java heap is
#     placed in the first 4GB address space. The Java Heap base address is the
#     maximum limit for the native heap growth. Please use -XX:HeapBaseMinAddress
#     to set the Java Heap base and to place the Java Heap above 4GB virtual address.
# This output file may be truncated or incomplete.
#
#  Out of Memory Error (./open/src/hotspot/share/memory/arena.cpp:197), pid=2912, tid=12780
#
# JRE version: Java(TM) SE Runtime Environment 18.9 (11.0.12+8) (build 11.0.12+8-LTS-237)
# Java VM: Java HotSpot(TM) 64-Bit Server VM 18.9 (11.0.12+8-LTS-237, mixed mode, tiered, compressed oops, g1 gc, windows-amd64)
# No core dump will be written. Minidumps are not enabled by default on client versions of Windows
#

---------------  S U M M A R Y ------------

Command Line: -Dcom.sun.management.jmxremote -Dcom.sun.management.jmxremote.port=60360 -Dcom.sun.management.jmxremote.authenticate=false -Dcom.sun.management.jmxremote.ssl=false -Djava.rmi.server.hostname=localhost -Dspring.application.admin.enabled=true -Dspring.jmx.enabled=true -Dfile.encoding=UTF-8 com.ejemplo.tiendaalamano.TiendaALaManoApplication

Host: Intel(R) Core(TM) i5-6200U CPU @ 2.30GHz, 4 cores, 7G,  Windows 10 , 64 bit Build 19041 (10.0.19041.1348)
Time: Fri Dec  3 19:05:00 2021 Hora est. Pacífico, Sudamérica elapsed time: 3.647428 seconds (0d 0h 0m 3s)

---------------  T H R E A D  ---------------

Current thread (0x00000298576f9000):  JavaThread "C2 CompilerThread0" daemon [_thread_in_native, id=12780, stack(0x000000b50e200000,0x000000b50e300000)]


Current CompileTask:
C2:   3647 2986   !   4       jdk.internal.loader.BuiltinClassLoader::loadClassOrNull (143 bytes)

Stack: [0x000000b50e200000,0x000000b50e300000]
Native frames: (J=compiled Java code, j=interpreted, Vv=VM code, C=native code)
V  [jvm.dll+0x617d9a]
V  [jvm.dll+0x74eeef]
V  [jvm.dll+0x750599]
V  [jvm.dll+0x750c23]
V  [jvm.dll+0x2438d8]
V  [jvm.dll+0xba6dc]
V  [jvm.dll+0xbac9c]
V  [jvm.dll+0x3469b7]
V  [jvm.dll+0x193e79]
V  [jvm.dll+0x1fd212]
V  [jvm.dll+0x1fc2ed]
V  [jvm.dll+0x17f18c]
V  [jvm.dll+0x20b87c]
V  [jvm.dll+0x20997b]
V  [jvm.dll+0x716359]
V  [jvm.dll+0x70f064]
V  [jvm.dll+0x616f66]
C  [ucrtbase.dll+0x21bb2]
C  [KERNEL32.DLL+0x17034]
C  [ntdll.dll+0x52651]


---------------  P R O C E S S  ---------------

Threads class SMR info:
_java_thread_list=0x0000029859fb3f90, length=16, elements={
0x00000298391f8800, 0x00000298576da800, 0x00000298576dc000, 0x0000029858082800,
0x00000298576f0000, 0x00000298576f1000, 0x00000298576f9000, 0x00000298576fc800,
0x0000029857700800, 0x000002985766c800, 0x0000029858226000, 0x0000029858913800,
0x00000298583ff000, 0x00000298588e6800, 0x000002985995d800, 0x00000298588dc800
}

Java Threads: ( => current thread )
  0x00000298391f8800 JavaThread "main" [_thread_blocked, id=7508, stack(0x000000b50d600000,0x000000b50d700000)]
  0x00000298576da800 JavaThread "Reference Handler" daemon [_thread_blocked, id=6748, stack(0x000000b50dd00000,0x000000b50de00000)]
  0x00000298576dc000 JavaThread "Finalizer" daemon [_thread_blocked, id=7760, stack(0x000000b50de00000,0x000000b50df00000)]
  0x0000029858082800 JavaThread "Signal Dispatcher" daemon [_thread_blocked, id=5736, stack(0x000000b50df00000,0x000000b50e000000)]
  0x00000298576f0000 JavaThread "Attach Listener" daemon [_thread_blocked, id=740, stack(0x000000b50e000000,0x000000b50e100000)]
  0x00000298576f1000 JavaThread "Service Thread" daemon [_thread_blocked, id=7484, stack(0x000000b50e100000,0x000000b50e200000)]
=>0x00000298576f9000 JavaThread "C2 CompilerThread0" daemon [_thread_in_native, id=12780, stack(0x000000b50e200000,0x000000b50e300000)]
  0x00000298576fc800 JavaThread "C1 CompilerThread0" daemon [_thread_blocked, id=13300, stack(0x000000b50e300000,0x000000b50e400000)]
  0x0000029857700800 JavaThread "Sweeper thread" daemon [_thread_blocked, id=12284, stack(0x000000b50e400000,0x000000b50e500000)]
  0x000002985766c800 JavaThread "Common-Cleaner" daemon [_thread_blocked, id=12620, stack(0x000000b50e500000,0x000000b50e600000)]
  0x0000029858226000 JavaThread "RMI TCP Accept-0" daemon [_thread_in_native, id=4620, stack(0x000000b50e600000,0x000000b50e700000)]
  0x0000029858913800 JavaThread "RMI TCP Accept-60360" daemon [_thread_in_native, id=12196, stack(0x000000b50e700000,0x000000b50e800000)]
  0x00000298583ff000 JavaThread "C2 CompilerThread1" daemon [_thread_in_native, id=10748, stack(0x000000b50e800000,0x000000b50e900000)]
  0x00000298588e6800 JavaThread "RMI TCP Accept-0" daemon [_thread_in_native, id=2648, stack(0x000000b50e900000,0x000000b50ea00000)]
  0x000002985995d800 JavaThread "Thread-0" [_thread_blocked, id=4404, stack(0x000000b50ee00000,0x000000b50ef00000)]
  0x00000298588dc800 JavaThread "restartedMain" [_thread_in_vm, id=8024, stack(0x000000b50ef00000,0x000000b50f000000)]

Other Threads:
  0x00000298576b1800 VMThread "VM Thread" [stack: 0x000000b50dc00000,0x000000b50dd00000] [id=13008]
  0x00000298588fa000 WatcherThread [stack: 0x000000b50ea00000,0x000000b50eb00000] [id=2936]
  0x000002983920a800 GCTaskThread "GC Thread#0" [stack: 0x000000b50d700000,0x000000b50d800000] [id=7284]
  0x0000029858a63000 GCTaskThread "GC Thread#1" [stack: 0x000000b50eb00000,0x000000b50ec00000] [id=9156]
  0x0000029858a57800 GCTaskThread "GC Thread#2" [stack: 0x000000b50ec00000,0x000000b50ed00000] [id=6440]
  0x0000029859397800 GCTaskThread "GC Thread#3" [stack: 0x000000b50f000000,0x000000b50f100000] [id=5856]
  0x000002983923b800 ConcurrentGCThread "G1 Main Marker" [stack: 0x000000b50d800000,0x000000b50d900000] [id=1544]
  0x000002983923d000 ConcurrentGCThread "G1 Conc#0" [stack: 0x000000b50d900000,0x000000b50da00000] [id=3372]
  0x00000298392cc000 ConcurrentGCThread "G1 Refine#0" [stack: 0x000000b50da00000,0x000000b50db00000] [id=8748]
  0x0000029858412000 ConcurrentGCThread "G1 Refine#1" [stack: 0x000000b50ed00000,0x000000b50ee00000] [id=12708]
  0x00000298392cd000 ConcurrentGCThread "G1 Young RemSet Sampling" [stack: 0x000000b50db00000,0x000000b50dc00000] [id=5324]

Threads with active compile tasks:
C2 CompilerThread0   3695 2986   !   4       jdk.internal.loader.BuiltinClassLoader::loadClassOrNull (143 bytes)
C2 CompilerThread1   3695 3184       4       org.springframework.beans.factory.support.AbstractBeanFactory::isTypeMatch (607 bytes)

VM state:not at safepoint (normal execution)

VM Mutex/Monitor currently owned by a thread: None

Heap address: 0x0000000081800000, size: 2024 MB, Compressed Oops mode: 32-bit
Narrow klass base: 0x0000000000000000, Narrow klass shift: 3
Compressed class space size: 1073741824 Address: 0x0000000100000000

Heap:
 garbage-first heap   total 131072K, used 73648K [0x0000000081800000, 0x0000000100000000)
  region size 1024K, 68 young (69632K), 5 survivors (5120K)
 Metaspace       used 32272K, capacity 33291K, committed 33408K, reserved 1079296K
  class space    used 3756K, capacity 4177K, committed 4224K, reserved 1048576K
Heap Regions: E=young(eden), S=young(survivor), O=old, HS=humongous(starts), HC=humongous(continues), CS=collection set, F=free, A=archive, TAMS=top-at-mark-start (previous, next)
|   0|0x0000000081800000, 0x0000000081900000, 0x0000000081900000|100%|HS|  |TAMS 0x0000000081900000, 0x0000000081800000| Complete 
|   1|0x0000000081900000, 0x0000000081a00000, 0x0000000081a00000|100%| O|  |TAMS 0x0000000081a00000, 0x0000000081900000| Untracked 
|   2|0x0000000081a00000, 0x0000000081b00000, 0x0000000081b00000|100%| O|  |TAMS 0x0000000081b00000, 0x0000000081a00000| Untracked 
|   3|0x0000000081b00000, 0x0000000081c00000, 0x0000000081c00000|100%| O|  |TAMS 0x0000000081c00000, 0x0000000081b00000| Untracked 
|   4|0x0000000081c00000, 0x0000000081d00000, 0x0000000081d00000|100%| O|  |TAMS 0x0000000081d00000, 0x0000000081c00000| Untracked 
|   5|0x0000000081d00000, 0x0000000081e00000, 0x0000000081e00000|100%| O|  |TAMS 0x0000000081e00000, 0x0000000081d00000| Untracked 
|   6|0x0000000081e00000, 0x0000000081e7f400, 0x0000000081f00000| 49%| O|  |TAMS 0x0000000081e7f400, 0x0000000081e00000| Untracked 
|   7|0x0000000081f00000, 0x0000000081f00000, 0x0000000082000000|  0%| F|  |TAMS 0x0000000081f00000, 0x0000000081f00000| Untracked 
|   8|0x0000000082000000, 0x0000000082000000, 0x0000000082100000|  0%| F|  |TAMS 0x0000000082000000, 0x0000000082000000| Untracked 
|   9|0x0000000082100000, 0x0000000082100000, 0x0000000082200000|  0%| F|  |TAMS 0x0000000082100000, 0x0000000082100000| Untracked 
|  10|0x0000000082200000, 0x0000000082200000, 0x0000000082300000|  0%| F|  |TAMS 0x0000000082200000, 0x0000000082200000| Untracked 
|  11|0x0000000082300000, 0x0000000082300000, 0x0000000082400000|  0%| F|  |TAMS 0x0000000082300000, 0x0000000082300000| Untracked 
|  12|0x0000000082400000, 0x0000000082400000, 0x0000000082500000|  0%| F|  |TAMS 0x0000000082400000, 0x0000000082400000| Untracked 
|  13|0x0000000082500000, 0x0000000082500000, 0x0000000082600000|  0%| F|  |TAMS 0x0000000082500000, 0x0000000082500000| Untracked 
|  14|0x0000000082600000, 0x0000000082600000, 0x0000000082700000|  0%| F|  |TAMS 0x0000000082600000, 0x0000000082600000| Untracked 
|  15|0x0000000082700000, 0x0000000082700000, 0x0000000082800000|  0%| F|  |TAMS 0x0000000082700000, 0x0000000082700000| Untracked 
|  16|0x0000000082800000, 0x0000000082800000, 0x0000000082900000|  0%| F|  |TAMS 0x0000000082800000, 0x0000000082800000| Untracked 
|  17|0x0000000082900000, 0x0000000082900000, 0x0000000082a00000|  0%| F|  |TAMS 0x0000000082900000, 0x0000000082900000| Untracked 
|  18|0x0000000082a00000, 0x0000000082a00000, 0x0000000082b00000|  0%| F|  |TAMS 0x0000000082a00000, 0x0000000082a00000| Untracked 
|  19|0x0000000082b00000, 0x0000000082b00000, 0x0000000082c00000|  0%| F|  |TAMS 0x0000000082b00000, 0x0000000082b00000| Untracked 
|  20|0x0000000082c00000, 0x0000000082c00000, 0x0000000082d00000|  0%| F|  |TAMS 0x0000000082c00000, 0x0000000082c00000| Untracked 
|  21|0x0000000082d00000, 0x0000000082d00000, 0x0000000082e00000|  0%| F|  |TAMS 0x0000000082d00000, 0x0000000082d00000| Untracked 
|  22|0x0000000082e00000, 0x0000000082e00000, 0x0000000082f00000|  0%| F|  |TAMS 0x0000000082e00000, 0x0000000082e00000| Untracked 
|  23|0x0000000082f00000, 0x0000000082f00000, 0x0000000083000000|  0%| F|  |TAMS 0x0000000082f00000, 0x0000000082f00000| Untracked 
|  24|0x0000000083000000, 0x0000000083000000, 0x0000000083100000|  0%| F|  |TAMS 0x0000000083000000, 0x0000000083000000| Untracked 
|  25|0x0000000083100000, 0x0000000083100000, 0x0000000083200000|  0%| F|  |TAMS 0x0000000083100000, 0x0000000083100000| Untracked 
|  26|0x0000000083200000, 0x0000000083200000, 0x0000000083300000|  0%| F|  |TAMS 0x0000000083200000, 0x0000000083200000| Untracked 
|  27|0x0000000083300000, 0x0000000083300000, 0x0000000083400000|  0%| F|  |TAMS 0x0000000083300000, 0x0000000083300000| Untracked 
|  28|0x0000000083400000, 0x0000000083400000, 0x0000000083500000|  0%| F|  |TAMS 0x0000000083400000, 0x0000000083400000| Untracked 
|  29|0x0000000083500000, 0x0000000083500000, 0x0000000083600000|  0%| F|  |TAMS 0x0000000083500000, 0x0000000083500000| Untracked 
|  30|0x0000000083600000, 0x0000000083600000, 0x0000000083700000|  0%| F|  |TAMS 0x0000000083600000, 0x0000000083600000| Untracked 
|  31|0x0000000083700000, 0x0000000083700000, 0x0000000083800000|  0%| F|  |TAMS 0x0000000083700000, 0x0000000083700000| Untracked 
|  32|0x0000000083800000, 0x0000000083800000, 0x0000000083900000|  0%| F|  |TAMS 0x0000000083800000, 0x0000000083800000| Untracked 
|  33|0x0000000083900000, 0x0000000083900000, 0x0000000083a00000|  0%| F|  |TAMS 0x0000000083900000, 0x0000000083900000| Untracked 
|  34|0x0000000083a00000, 0x0000000083a00000, 0x0000000083b00000|  0%| F|  |TAMS 0x0000000083a00000, 0x0000000083a00000| Untracked 
|  35|0x0000000083b00000, 0x0000000083b00000, 0x0000000083c00000|  0%| F|  |TAMS 0x0000000083b00000, 0x0000000083b00000| Untracked 
|  36|0x0000000083c00000, 0x0000000083c00000, 0x0000000083d00000|  0%| F|  |TAMS 0x0000000083c00000, 0x0000000083c00000| Untracked 
|  37|0x0000000083d00000, 0x0000000083d00000, 0x0000000083e00000|  0%| F|  |TAMS 0x0000000083d00000, 0x0000000083d00000| Untracked 
|  38|0x0000000083e00000, 0x0000000083e00000, 0x0000000083f00000|  0%| F|  |TAMS 0x0000000083e00000, 0x0000000083e00000| Untracked 
|  39|0x0000000083f00000, 0x0000000083f00000, 0x0000000084000000|  0%| F|  |TAMS 0x0000000083f00000, 0x0000000083f00000| Untracked 
|  40|0x0000000084000000, 0x0000000084000000, 0x0000000084100000|  0%| F|  |TAMS 0x0000000084000000, 0x0000000084000000| Untracked 
|  41|0x0000000084100000, 0x0000000084100000, 0x0000000084200000|  0%| F|  |TAMS 0x0000000084100000, 0x0000000084100000| Untracked 
|  42|0x0000000084200000, 0x0000000084200000, 0x0000000084300000|  0%| F|  |TAMS 0x0000000084200000, 0x0000000084200000| Untracked 
|  43|0x0000000084300000, 0x0000000084300000, 0x0000000084400000|  0%| F|  |TAMS 0x0000000084300000, 0x0000000084300000| Untracked 
|  44|0x0000000084400000, 0x0000000084400000, 0x0000000084500000|  0%| F|  |TAMS 0x0000000084400000, 0x0000000084400000| Untracked 
|  45|0x0000000084500000, 0x0000000084500000, 0x0000000084600000|  0%| F|  |TAMS 0x0000000084500000, 0x0000000084500000| Untracked 
|  46|0x0000000084600000, 0x0000000084600000, 0x0000000084700000|  0%| F|  |TAMS 0x0000000084600000, 0x0000000084600000| Untracked 
|  47|0x0000000084700000, 0x000000008476cec0, 0x0000000084800000| 42%| S|CS|TAMS 0x0000000084700000, 0x0000000084700000| Complete 
|  48|0x0000000084800000, 0x0000000084900000, 0x0000000084900000|100%| S|CS|TAMS 0x0000000084800000, 0x0000000084800000| Complete 
|  49|0x0000000084900000, 0x0000000084a00000, 0x0000000084a00000|100%| S|CS|TAMS 0x0000000084900000, 0x0000000084900000| Complete 
|  50|0x0000000084a00000, 0x0000000084b00000, 0x0000000084b00000|100%| S|CS|TAMS 0x0000000084a00000, 0x0000000084a00000| Complete 
|  51|0x0000000084b00000, 0x0000000084c00000, 0x0000000084c00000|100%| S|CS|TAMS 0x0000000084b00000, 0x0000000084b00000| Complete 
|  52|0x0000000084c00000, 0x0000000084c00000, 0x0000000084d00000|  0%| F|  |TAMS 0x0000000084c00000, 0x0000000084c00000| Untracked 
|  53|0x0000000084d00000, 0x0000000084d00000, 0x0000000084e00000|  0%| F|  |TAMS 0x0000000084d00000, 0x0000000084d00000| Untracked 
|  54|0x0000000084e00000, 0x0000000084e00000, 0x0000000084f00000|  0%| F|  |TAMS 0x0000000084e00000, 0x0000000084e00000| Untracked 
|  55|0x0000000084f00000, 0x0000000084f00000, 0x0000000085000000|  0%| F|  |TAMS 0x0000000084f00000, 0x0000000084f00000| Untracked 
|  56|0x0000000085000000, 0x0000000085000000, 0x0000000085100000|  0%| F|  |TAMS 0x0000000085000000, 0x0000000085000000| Untracked 
|  57|0x0000000085100000, 0x0000000085100000, 0x0000000085200000|  0%| F|  |TAMS 0x0000000085100000, 0x0000000085100000| Untracked 
|  58|0x0000000085200000, 0x0000000085200000, 0x0000000085300000|  0%| F|  |TAMS 0x0000000085200000, 0x0000000085200000| Untracked 
|  59|0x0000000085300000, 0x0000000085300000, 0x0000000085400000|  0%| F|  |TAMS 0x0000000085300000, 0x0000000085300000| Untracked 
|  60|0x0000000085400000, 0x0000000085400000, 0x0000000085500000|  0%| F|  |TAMS 0x0000000085400000, 0x0000000085400000| Untracked 
|  61|0x0000000085500000, 0x0000000085500000, 0x0000000085600000|  0%| F|  |TAMS 0x0000000085500000, 0x0000000085500000| Untracked 
|  62|0x0000000085600000, 0x0000000085600000, 0x0000000085700000|  0%| F|  |TAMS 0x0000000085600000, 0x0000000085600000| Untracked 
|  63|0x0000000085700000, 0x0000000085700000, 0x0000000085800000|  0%| F|  |TAMS 0x0000000085700000, 0x0000000085700000| Untracked 
|  64|0x0000000085800000, 0x0000000085800000, 0x0000000085900000|  0%| F|  |TAMS 0x0000000085800000, 0x0000000085800000| Untracked 
|  65|0x0000000085900000, 0x0000000085980800, 0x0000000085a00000| 50%| E|  |TAMS 0x0000000085900000, 0x0000000085900000| Complete 
|  66|0x0000000085a00000, 0x0000000085b00000, 0x0000000085b00000|100%| E|CS|TAMS 0x0000000085a00000, 0x0000000085a00000| Complete 
|  67|0x0000000085b00000, 0x0000000085c00000, 0x0000000085c00000|100%| E|CS|TAMS 0x0000000085b00000, 0x0000000085b00000| Complete 
|  68|0x0000000085c00000, 0x0000000085d00000, 0x0000000085d00000|100%| E|CS|TAMS 0x0000000085c00000, 0x0000000085c00000| Complete 
|  69|0x0000000085d00000, 0x0000000085e00000, 0x0000000085e00000|100%| E|CS|TAMS 0x0000000085d00000, 0x0000000085d00000| Complete 
|  70|0x0000000085e00000, 0x0000000085f00000, 0x0000000085f00000|100%| E|CS|TAMS 0x0000000085e00000, 0x0000000085e00000| Complete 
|  71|0x0000000085f00000, 0x0000000086000000, 0x0000000086000000|100%| E|CS|TAMS 0x0000000085f00000, 0x0000000085f00000| Complete 
|  72|0x0000000086000000, 0x0000000086100000, 0x0000000086100000|100%| E|CS|TAMS 0x0000000086000000, 0x0000000086000000| Complete 
|  73|0x0000000086100000, 0x0000000086200000, 0x0000000086200000|100%| E|CS|TAMS 0x0000000086100000, 0x0000000086100000| Complete 
|  74|0x0000000086200000, 0x0000000086300000, 0x0000000086300000|100%| E|CS|TAMS 0x0000000086200000, 0x0000000086200000| Complete 
|  75|0x0000000086300000, 0x0000000086400000, 0x0000000086400000|100%| E|CS|TAMS 0x0000000086300000, 0x0000000086300000| Complete 
|  76|0x0000000086400000, 0x0000000086500000, 0x0000000086500000|100%| E|CS|TAMS 0x0000000086400000, 0x0000000086400000| Complete 
|  77|0x0000000086500000, 0x0000000086600000, 0x0000000086600000|100%| E|CS|TAMS 0x0000000086500000, 0x0000000086500000| Complete 
|  78|0x0000000086600000, 0x0000000086700000, 0x0000000086700000|100%| E|CS|TAMS 0x0000000086600000, 0x0000000086600000| Complete 
|  79|0x0000000086700000, 0x0000000086800000, 0x0000000086800000|100%| E|CS|TAMS 0x0000000086700000, 0x0000000086700000| Complete 
|  80|0x0000000086800000, 0x0000000086900000, 0x0000000086900000|100%| E|CS|TAMS 0x0000000086800000, 0x0000000086800000| Complete 
|  81|0x0000000086900000, 0x0000000086a00000, 0x0000000086a00000|100%| E|CS|TAMS 0x0000000086900000, 0x0000000086900000| Complete 
|  82|0x0000000086a00000, 0x0000000086b00000, 0x0000000086b00000|100%| E|CS|TAMS 0x0000000086a00000, 0x0000000086a00000| Complete 
|  83|0x0000000086b00000, 0x0000000086c00000, 0x0000000086c00000|100%| E|CS|TAMS 0x0000000086b00000, 0x0000000086b00000| Complete 
|  84|0x0000000086c00000, 0x0000000086d00000, 0x0000000086d00000|100%| E|CS|TAMS 0x0000000086c00000, 0x0000000086c00000| Complete 
|  85|0x0000000086d00000, 0x0000000086e00000, 0x0000000086e00000|100%| E|CS|TAMS 0x0000000086d00000, 0x0000000086d00000| Complete 
|  86|0x0000000086e00000, 0x0000000086f00000, 0x0000000086f00000|100%| E|CS|TAMS 0x0000000086e00000, 0x0000000086e00000| Complete 
|  87|0x0000000086f00000, 0x0000000087000000, 0x0000000087000000|100%| E|CS|TAMS 0x0000000086f00000, 0x0000000086f00000| Complete 
|  88|0x0000000087000000, 0x0000000087100000, 0x0000000087100000|100%| E|CS|TAMS 0x0000000087000000, 0x0000000087000000| Complete 
|  89|0x0000000087100000, 0x0000000087200000, 0x0000000087200000|100%| E|CS|TAMS 0x0000000087100000, 0x0000000087100000| Complete 
|  90|0x0000000087200000, 0x0000000087300000, 0x0000000087300000|100%| E|CS|TAMS 0x0000000087200000, 0x0000000087200000| Complete 
|  91|0x0000000087300000, 0x0000000087400000, 0x0000000087400000|100%| E|CS|TAMS 0x0000000087300000, 0x0000000087300000| Complete 
|  92|0x0000000087400000, 0x0000000087500000, 0x0000000087500000|100%| E|CS|TAMS 0x0000000087400000, 0x0000000087400000| Complete 
|  93|0x0000000087500000, 0x0000000087600000, 0x0000000087600000|100%| E|CS|TAMS 0x0000000087500000, 0x0000000087500000| Complete 
|  94|0x0000000087600000, 0x0000000087700000, 0x0000000087700000|100%| E|CS|TAMS 0x0000000087600000, 0x0000000087600000| Complete 
|  95|0x0000000087700000, 0x0000000087800000, 0x0000000087800000|100%| E|CS|TAMS 0x0000000087700000, 0x0000000087700000| Complete 
|  96|0x0000000087800000, 0x0000000087900000, 0x0000000087900000|100%| E|CS|TAMS 0x0000000087800000, 0x0000000087800000| Complete 
|  97|0x0000000087900000, 0x0000000087a00000, 0x0000000087a00000|100%| E|CS|TAMS 0x0000000087900000, 0x0000000087900000| Complete 
|  98|0x0000000087a00000, 0x0000000087b00000, 0x0000000087b00000|100%| E|CS|TAMS 0x0000000087a00000, 0x0000000087a00000| Complete 
|  99|0x0000000087b00000, 0x0000000087c00000, 0x0000000087c00000|100%| E|CS|TAMS 0x0000000087b00000, 0x0000000087b00000| Complete 
| 100|0x0000000087c00000, 0x0000000087d00000, 0x0000000087d00000|100%| E|CS|TAMS 0x0000000087c00000, 0x0000000087c00000| Complete 
| 101|0x0000000087d00000, 0x0000000087e00000, 0x0000000087e00000|100%| E|CS|TAMS 0x0000000087d00000, 0x0000000087d00000| Complete 
| 102|0x0000000087e00000, 0x0000000087f00000, 0x0000000087f00000|100%| E|CS|TAMS 0x0000000087e00000, 0x0000000087e00000| Complete 
| 103|0x0000000087f00000, 0x0000000088000000, 0x0000000088000000|100%| E|CS|TAMS 0x0000000087f00000, 0x0000000087f00000| Complete 
| 104|0x0000000088000000, 0x0000000088100000, 0x0000000088100000|100%| E|CS|TAMS 0x0000000088000000, 0x0000000088000000| Complete 
| 105|0x0000000088100000, 0x0000000088200000, 0x0000000088200000|100%| E|CS|TAMS 0x0000000088100000, 0x0000000088100000| Complete 
| 106|0x0000000088200000, 0x0000000088300000, 0x0000000088300000|100%| E|CS|TAMS 0x0000000088200000, 0x0000000088200000| Complete 
| 107|0x0000000088300000, 0x0000000088400000, 0x0000000088400000|100%| E|CS|TAMS 0x0000000088300000, 0x0000000088300000| Complete 
| 108|0x0000000088400000, 0x0000000088500000, 0x0000000088500000|100%| E|CS|TAMS 0x0000000088400000, 0x0000000088400000| Complete 
| 109|0x0000000088500000, 0x0000000088600000, 0x0000000088600000|100%| E|CS|TAMS 0x0000000088500000, 0x0000000088500000| Complete 
| 110|0x0000000088600000, 0x0000000088700000, 0x0000000088700000|100%| E|CS|TAMS 0x0000000088600000, 0x0000000088600000| Complete 
| 111|0x0000000088700000, 0x0000000088800000, 0x0000000088800000|100%| E|CS|TAMS 0x0000000088700000, 0x0000000088700000| Complete 
| 112|0x0000000088800000, 0x0000000088900000, 0x0000000088900000|100%| E|CS|TAMS 0x0000000088800000, 0x0000000088800000| Complete 
| 113|0x0000000088900000, 0x0000000088a00000, 0x0000000088a00000|100%| E|CS|TAMS 0x0000000088900000, 0x0000000088900000| Complete 
| 114|0x0000000088a00000, 0x0000000088b00000, 0x0000000088b00000|100%| E|CS|TAMS 0x0000000088a00000, 0x0000000088a00000| Complete 
| 115|0x0000000088b00000, 0x0000000088c00000, 0x0000000088c00000|100%| E|CS|TAMS 0x0000000088b00000, 0x0000000088b00000| Complete 
| 116|0x0000000088c00000, 0x0000000088d00000, 0x0000000088d00000|100%| E|CS|TAMS 0x0000000088c00000, 0x0000000088c00000| Complete 
| 117|0x0000000088d00000, 0x0000000088e00000, 0x0000000088e00000|100%| E|CS|TAMS 0x0000000088d00000, 0x0000000088d00000| Complete 
| 118|0x0000000088e00000, 0x0000000088f00000, 0x0000000088f00000|100%| E|CS|TAMS 0x0000000088e00000, 0x0000000088e00000| Complete 
| 119|0x0000000088f00000, 0x0000000088fffd20, 0x0000000089000000| 99%| E|  |TAMS 0x0000000088f00000, 0x0000000088f00000| Complete 
| 120|0x0000000089000000, 0x0000000089100000, 0x0000000089100000|100%| E|CS|TAMS 0x0000000089000000, 0x0000000089000000| Complete 
| 121|0x0000000089100000, 0x0000000089200000, 0x0000000089200000|100%| E|CS|TAMS 0x0000000089100000, 0x0000000089100000| Complete 
| 122|0x0000000089200000, 0x0000000089300000, 0x0000000089300000|100%| E|CS|TAMS 0x0000000089200000, 0x0000000089200000| Complete 
| 123|0x0000000089300000, 0x0000000089400000, 0x0000000089400000|100%| E|CS|TAMS 0x0000000089300000, 0x0000000089300000| Complete 
| 124|0x0000000089400000, 0x0000000089500000, 0x0000000089500000|100%| E|CS|TAMS 0x0000000089400000, 0x0000000089400000| Complete 
| 125|0x0000000089500000, 0x0000000089600000, 0x0000000089600000|100%| E|CS|TAMS 0x0000000089500000, 0x0000000089500000| Complete 
| 126|0x0000000089600000, 0x0000000089700000, 0x0000000089700000|100%| E|CS|TAMS 0x0000000089600000, 0x0000000089600000| Complete 
| 127|0x0000000089700000, 0x0000000089800000, 0x0000000089800000|100%| E|CS|TAMS 0x0000000089700000, 0x0000000089700000| Complete 

Card table byte_map: [0x0000029850ab0000,0x0000029850eb0000] _byte_map_base: 0x00000298506a4000

Marking Bits (Prev, Next): (CMBitMap*) 0x0000029839231bd0, (CMBitMap*) 0x0000029839231b98
 Prev Bits: [0x0000029853250000, 0x00000298551f0000)
 Next Bits: [0x00000298512b0000, 0x0000029853250000)

Polling page: 0x0000029837170000

Metaspace:

Usage:
  Non-class:     28.43 MB capacity,    27.86 MB ( 98%) used,   467.73 KB (  2%) free+waste,   113.56 KB ( <1%) overhead. 
      Class:      4.08 MB capacity,     3.67 MB ( 90%) used,   364.12 KB (  9%) free+waste,    55.94 KB (  1%) overhead. 
       Both:     32.51 MB capacity,    31.53 MB ( 97%) used,   831.85 KB (  2%) free+waste,   169.50 KB ( <1%) overhead. 

Virtual space:
  Non-class space:       30.00 MB reserved,      28.50 MB ( 95%) committed 
      Class space:        1.00 GB reserved,       4.13 MB ( <1%) committed 
             Both:        1.03 GB reserved,      32.63 MB (  3%) committed 

Chunk freelists:
   Non-Class:  768 bytes
       Class:  1.88 KB
        Both:  2.63 KB

CodeHeap 'non-profiled nmethods': size=120064Kb used=1344Kb max_used=1344Kb free=118719Kb
 bounds [0x0000029849170000, 0x00000298493e0000, 0x00000298506b0000]
CodeHeap 'profiled nmethods': size=120000Kb used=6843Kb max_used=6843Kb free=113156Kb
 bounds [0x0000029841c40000, 0x00000298422f0000, 0x0000029849170000]
CodeHeap 'non-nmethods': size=5696Kb used=1144Kb max_used=1180Kb free=4552Kb
 bounds [0x00000298416b0000, 0x0000029841920000, 0x0000029841c40000]
 total_blobs=3722 nmethods=3249 adapters=384
 compilation: enabled
              stopped_count=0, restarted_count=0
 full_count=0

Compilation events (10 events):
Event: 3.635 Thread 0x00000298576fc800 nmethod 3232 0x00000298422d3610 code [0x00000298422d39c0, 0x00000298422d5868]
Event: 3.636 Thread 0x00000298576fc800 3233       3       org.springframework.beans.factory.support.DefaultListableBeanFactory::getBeanDefinition (78 bytes)
Event: 3.637 Thread 0x00000298576fc800 nmethod 3233 0x00000298422d6110 code [0x00000298422d6400, 0x00000298422d7258]
Event: 3.642 Thread 0x00000298576fc800 3235       3       java.util.LinkedHashMap$LinkedKeySet::size (8 bytes)
Event: 3.642 Thread 0x00000298576fc800 nmethod 3235 0x00000298422d7710 code [0x00000298422d78a0, 0x00000298422d79b8]
Event: 3.642 Thread 0x00000298576fc800 3236       1       org.springframework.beans.factory.support.AbstractBeanFactory::getBeanClassLoader (5 bytes)
Event: 3.642 Thread 0x00000298576fc800 nmethod 3236 0x00000298492bf590 code [0x00000298492bf720, 0x00000298492bf7d8]
Event: 3.644 Thread 0x00000298576fc800 3237       3       org.springframework.util.ReflectionUtils$$Lambda$420/0x00000001003afc40::doWith (9 bytes)
Event: 3.644 Thread 0x00000298576fc800 nmethod 3237 0x00000298422d7a90 code [0x00000298422d7c40, 0x00000298422d7d68]
Event: 3.644 Thread 0x00000298576fc800 3238       3       org.springframework.core.annotation.AnnotationsScanner::processMethod (116 bytes)

GC Heap History (10 events):
Event: 1.014 GC heap before
{Heap before GC invocations=1 (full 0):
 garbage-first heap   total 131072K, used 11514K [0x0000000081800000, 0x0000000100000000)
  region size 1024K, 7 young (7168K), 2 survivors (2048K)
 Metaspace       used 14295K, capacity 14704K, committed 14976K, reserved 1062912K
  class space    used 1435K, capacity 1571K, committed 1664K, reserved 1048576K
}
Event: 1.019 GC heap after
{Heap after GC invocations=2 (full 0):
 garbage-first heap   total 131072K, used 7332K [0x0000000081800000, 0x0000000100000000)
  region size 1024K, 1 young (1024K), 1 survivors (1024K)
 Metaspace       used 14295K, capacity 14704K, committed 14976K, reserved 1062912K
  class space    used 1435K, capacity 1571K, committed 1664K, reserved 1048576K
}
Event: 1.286 GC heap before
{Heap before GC invocations=2 (full 0):
 garbage-first heap   total 131072K, used 27812K [0x0000000081800000, 0x0000000100000000)
  region size 1024K, 22 young (22528K), 1 survivors (1024K)
 Metaspace       used 15929K, capacity 16387K, committed 16640K, reserved 1064960K
  class space    used 1624K, capacity 1773K, committed 1792K, reserved 1048576K
}
Event: 1.288 GC heap after
{Heap after GC invocations=3 (full 0):
 garbage-first heap   total 131072K, used 7908K [0x0000000081800000, 0x0000000100000000)
  region size 1024K, 2 young (2048K), 2 survivors (2048K)
 Metaspace       used 15929K, capacity 16387K, committed 16640K, reserved 1064960K
  class space    used 1624K, capacity 1773K, committed 1792K, reserved 1048576K
}
Event: 1.421 GC heap before
{Heap before GC invocations=3 (full 0):
 garbage-first heap   total 131072K, used 39652K [0x0000000081800000, 0x0000000100000000)
  region size 1024K, 34 young (34816K), 2 survivors (2048K)
 Metaspace       used 16421K, capacity 16875K, committed 17024K, reserved 1064960K
  class space    used 1700K, capacity 1874K, committed 1920K, reserved 1048576K
}
Event: 1.423 GC heap after
{Heap after GC invocations=4 (full 0):
 garbage-first heap   total 131072K, used 7862K [0x0000000081800000, 0x0000000100000000)
  region size 1024K, 2 young (2048K), 2 survivors (2048K)
 Metaspace       used 16421K, capacity 16875K, committed 17024K, reserved 1064960K
  class space    used 1700K, capacity 1874K, committed 1920K, reserved 1048576K
}
Event: 1.928 GC heap before
{Heap before GC invocations=4 (full 0):
 garbage-first heap   total 131072K, used 30390K [0x0000000081800000, 0x0000000100000000)
  region size 1024K, 26 young (26624K), 2 survivors (2048K)
 Metaspace       used 20597K, capacity 21218K, committed 21248K, reserved 1069056K
  class space    used 2290K, capacity 2545K, committed 2560K, reserved 1048576K
}
Event: 1.932 GC heap after
{Heap after GC invocations=5 (full 0):
 garbage-first heap   total 131072K, used 9412K [0x0000000081800000, 0x0000000100000000)
  region size 1024K, 3 young (3072K), 3 survivors (3072K)
 Metaspace       used 20597K, capacity 21218K, committed 21248K, reserved 1069056K
  class space    used 2290K, capacity 2545K, committed 2560K, reserved 1048576K
}
Event: 2.564 GC heap before
{Heap before GC invocations=6 (full 0):
 garbage-first heap   total 131072K, used 83140K [0x0000000081800000, 0x0000000100000000)
  region size 1024K, 76 young (77824K), 3 survivors (3072K)
 Metaspace       used 28138K, capacity 29005K, committed 29184K, reserved 1075200K
  class space    used 3228K, capacity 3566K, committed 3584K, reserved 1048576K
}
Event: 2.571 GC heap after
{Heap after GC invocations=7 (full 0):
 garbage-first heap   total 131072K, used 11184K [0x0000000081800000, 0x0000000100000000)
  region size 1024K, 5 young (5120K), 5 survivors (5120K)
 Metaspace       used 28138K, capacity 29005K, committed 29184K, reserved 1075200K
  class space    used 3228K, capacity 3566K, committed 3584K, reserved 1048576K
}

Deoptimization events (10 events):
Event: 3.417 Thread 0x00000298588dc800 Uncommon trap: reason=array_check action=maybe_recompile pc=0x00000298492b6608 method=java.util.AbstractCollection.toArray([Ljava/lang/Object;)[Ljava/lang/Object; @ 116 c2
Event: 3.417 Thread 0x00000298588dc800 Uncommon trap: reason=array_check action=maybe_recompile pc=0x00000298492b6608 method=java.util.AbstractCollection.toArray([Ljava/lang/Object;)[Ljava/lang/Object; @ 116 c2
Event: 3.417 Thread 0x00000298588dc800 Uncommon trap: reason=array_check action=maybe_recompile pc=0x00000298492b6608 method=java.util.AbstractCollection.toArray([Ljava/lang/Object;)[Ljava/lang/Object; @ 116 c2
Event: 3.417 Thread 0x00000298588dc800 Uncommon trap: reason=array_check action=maybe_recompile pc=0x00000298492b6608 method=java.util.AbstractCollection.toArray([Ljava/lang/Object;)[Ljava/lang/Object; @ 116 c2
Event: 3.419 Thread 0x00000298588dc800 Uncommon trap: reason=intrinsic_or_type_checked_inlining action=make_not_entrant pc=0x000002984929e2fc method=java.util.ArrayList.toArray([Ljava/lang/Object;)[Ljava/lang/Object; @ 36 c2
Event: 3.458 Thread 0x00000298588dc800 Uncommon trap: reason=unstable_if action=reinterpret pc=0x00000298492a9b18 method=org.springframework.beans.factory.support.AbstractBeanFactory.getMergedLocalBeanDefinition(Ljava/lang/String;)Lorg/springframework/beans/factory/support/RootBeanDefinition; 
Event: 3.458 Thread 0x00000298588dc800 Uncommon trap: reason=unstable_if action=reinterpret pc=0x00000298492b485c method=org.springframework.beans.factory.support.DefaultSingletonBeanRegistry.getSingleton(Ljava/lang/String;Z)Ljava/lang/Object; @ 20 c2
Event: 3.497 Thread 0x00000298588dc800 Uncommon trap: reason=class_check action=maybe_recompile pc=0x0000029849297e38 method=org.springframework.util.ConcurrentReferenceHashMap$Segment.findInChain(Lorg/springframework/util/ConcurrentReferenceHashMap$Reference;Ljava/lang/Object;I)Lorg/springfra
Event: 3.512 Thread 0x00000298588dc800 Uncommon trap: reason=class_check action=maybe_recompile pc=0x0000029849297e38 method=org.springframework.util.ConcurrentReferenceHashMap$Segment.findInChain(Lorg/springframework/util/ConcurrentReferenceHashMap$Reference;Ljava/lang/Object;I)Lorg/springfra
Event: 3.549 Thread 0x00000298588dc800 Uncommon trap: reason=unstable_if action=reinterpret pc=0x00000298492b5b3c method=org.springframework.beans.factory.support.AbstractBeanFactory.isFactoryBean(Ljava/lang/String;Lorg/springframework/beans/factory/support/RootBeanDefinition;)Z @ 38 c2

Classes redefined (0 events):
No events

Internal exceptions (10 events):
Event: 2.249 Thread 0x00000298588dc800 Exception <a 'java/lang/ClassNotFoundException'{0x00000000876d88c8}: org/springframework/beans/factory/AwareCustomizer> (0x00000000876d88c8) thrown at [./open/src/hotspot/share/classfile/systemDictionary.cpp, line 228]
Event: 2.312 Thread 0x0000029859e76000 Exception <a 'java/lang/NoSuchMethodError'{0x00000000871a4790}: java.lang.invoke.DirectMethodHandle$Holder.invokeSpecial(Ljava/lang/Object;Ljava/lang/Object;)J> (0x00000000871a4790) thrown at [./open/src/hotspot/share/interpreter/linkResolver.cpp, line 77
Event: 2.315 Thread 0x0000029859e76000 Exception <a 'java/lang/NoSuchMethodError'{0x00000000871aead8}: java.lang.invoke.DirectMethodHandle$Holder.invokeStatic(Ljava/lang/Object;Ljava/lang/Object;)J> (0x00000000871aead8) thrown at [./open/src/hotspot/share/interpreter/linkResolver.cpp, line 772
Event: 2.315 Thread 0x0000029859e76000 Exception <a 'java/lang/NoSuchMethodError'{0x00000000871b1900}: java.lang.invoke.DirectMethodHandle$Holder.invokeStaticInit(Ljava/lang/Object;Ljava/lang/Object;)J> (0x00000000871b1900) thrown at [./open/src/hotspot/share/interpreter/linkResolver.cpp, line
Event: 2.329 Thread 0x0000029859e76000 Exception <a 'java/lang/NoSuchMethodError'{0x00000000871bddc0}: java.lang.invoke.DirectMethodHandle$Holder.invokeInterface(Ljava/lang/Object;Ljava/lang/Object;)J> (0x00000000871bddc0) thrown at [./open/src/hotspot/share/interpreter/linkResolver.cpp, line 
Event: 2.329 Thread 0x0000029859e76000 Exception <a 'java/lang/IncompatibleClassChangeError'{0x00000000871c0b58}: Found class java.lang.Object, but interface was expected> (0x00000000871c0b58) thrown at [./open/src/hotspot/share/interpreter/linkResolver.cpp, line 838]
Event: 2.344 Thread 0x0000029859e76000 Exception <a 'java/lang/NoSuchMethodError'{0x0000000086e1d2a8}: java.lang.invoke.DirectMethodHandle$Holder.invokeVirtual(Ljava/lang/Object;Ljava/lang/Object;Ljava/lang/Object;Ljava/lang/Object;)Ljava/lang/Object;> (0x0000000086e1d2a8) thrown at [./open/sr
Event: 2.627 Thread 0x00000298588dc800 Exception <a 'java/lang/IncompatibleClassChangeError'{0x0000000088937708}: Found class java.lang.Object, but interface was expected> (0x0000000088937708) thrown at [./open/src/hotspot/share/interpreter/linkResolver.cpp, line 838]
Event: 2.674 Thread 0x00000298588dc800 Exception <a 'java/lang/NoSuchMethodError'{0x0000000088738180}: java.lang.invoke.DirectMethodHandle$Holder.invokeInterface(Ljava/lang/Object;Ljava/lang/Object;Ljava/lang/Object;Ljava/lang/Object;)V> (0x0000000088738180) thrown at [./open/src/hotspot/share
Event: 3.526 Thread 0x00000298588dc800 Exception <a 'java/lang/NoSuchMethodError'{0x00000000860f8e40}: java.lang.invoke.DirectMethodHandle$Holder.invokeSpecialIFC(Ljava/lang/Object;Ljava/lang/Object;Ljava/lang/Object;)Ljava/lang/Object;> (0x00000000860f8e40) thrown at [./open/src/hotspot/share

Events (10 events):
Event: 3.642 loading class org/springframework/boot/autoconfigure/security/servlet/UserDetailsServiceAutoConfiguration
Event: 3.642 loading class org/springframework/boot/autoconfigure/security/servlet/UserDetailsServiceAutoConfiguration done
Event: 3.642 loading class org/springframework/boot/autoconfigure/security/SecurityProperties$User
Event: 3.642 loading class org/springframework/boot/autoconfigure/security/SecurityProperties$User done
Event: 3.643 loading class org/springframework/security/provisioning/InMemoryUserDetailsManager
Event: 3.643 loading class org/springframework/security/provisioning/InMemoryUserDetailsManager done
Event: 3.643 loading class org/springframework/security/provisioning/UserDetailsManager
Event: 3.643 loading class org/springframework/security/provisioning/UserDetailsManager done
Event: 3.644 loading class org/springframework/security/core/userdetails/UserDetailsPasswordService
Event: 3.644 loading class org/springframework/security/core/userdetails/UserDetailsPasswordService done


Dynamic libraries:
0x00007ff61e0b0000 - 0x00007ff61e0bf000 	C:\Program Files\Java\jdk-11.0.12\bin\java.exe
0x00007ffb3b610000 - 0x00007ffb3b805000 	C:\Windows\SYSTEM32\ntdll.dll
0x00007ffb39fc0000 - 0x00007ffb3a07e000 	C:\Windows\System32\KERNEL32.DLL
0x00007ffb38fd0000 - 0x00007ffb39298000 	C:\Windows\System32\KERNELBASE.dll
0x00007ffb38ed0000 - 0x00007ffb38fd0000 	C:\Windows\System32\ucrtbase.dll
0x00007ffb2b0e0000 - 0x00007ffb2b0f5000 	C:\Program Files\Java\jdk-11.0.12\bin\VCRUNTIME140.dll
0x00007ffb1bcc0000 - 0x00007ffb1bcd8000 	C:\Program Files\Java\jdk-11.0.12\bin\jli.dll
0x00007ffb3a400000 - 0x00007ffb3a4ac000 	C:\Windows\System32\ADVAPI32.dll
0x00007ffb3b470000 - 0x00007ffb3b50e000 	C:\Windows\System32\msvcrt.dll
0x00007ffb3b3b0000 - 0x00007ffb3b44b000 	C:\Windows\System32\sechost.dll
0x00007ffb3a650000 - 0x00007ffb3a77a000 	C:\Windows\System32\RPCRT4.dll
0x00007ffb39770000 - 0x00007ffb39911000 	C:\Windows\System32\USER32.dll
0x00007ffb392a0000 - 0x00007ffb392c2000 	C:\Windows\System32\win32u.dll
0x00007ffb39da0000 - 0x00007ffb39dcb000 	C:\Windows\System32\GDI32.dll
0x00007ffb38d30000 - 0x00007ffb38e3b000 	C:\Windows\System32\gdi32full.dll
0x00007ffb395c0000 - 0x00007ffb3965d000 	C:\Windows\System32\msvcp_win.dll
0x00007ffb1fc20000 - 0x00007ffb1feba000 	C:\Windows\WinSxS\amd64_microsoft.windows.common-controls_6595b64144ccf1df_6.0.19041.1110_none_60b5254171f9507e\COMCTL32.dll
0x00007ffb339a0000 - 0x00007ffb339aa000 	C:\Windows\SYSTEM32\VERSION.dll
0x00007ffb3a590000 - 0x00007ffb3a5c0000 	C:\Windows\System32\IMM32.DLL
0x00007ffb02500000 - 0x00007ffb0259b000 	C:\Program Files\Java\jdk-11.0.12\bin\msvcp140.dll
0x00007ffaf4ba0000 - 0x00007ffaf569f000 	C:\Program Files\Java\jdk-11.0.12\bin\server\jvm.dll
0x00007ffb3aec0000 - 0x00007ffb3aec8000 	C:\Windows\System32\PSAPI.DLL
0x00007ffb33550000 - 0x00007ffb33559000 	C:\Windows\SYSTEM32\WSOCK32.dll
0x00007ffb3af80000 - 0x00007ffb3afeb000 	C:\Windows\System32\WS2_32.dll
0x00007ffb1f4b0000 - 0x00007ffb1f4d7000 	C:\Windows\SYSTEM32\WINMM.dll
0x00007ffb375b0000 - 0x00007ffb375c2000 	C:\Windows\SYSTEM32\kernel.appcore.dll
0x00007ffb351e0000 - 0x00007ffb351f0000 	C:\Program Files\Java\jdk-11.0.12\bin\verify.dll
0x00007ffb2bcd0000 - 0x00007ffb2beb4000 	C:\Windows\SYSTEM32\DBGHELP.DLL
0x00007ffb120b0000 - 0x00007ffb120dc000 	C:\Windows\SYSTEM32\dbgcore.DLL
0x00007ffb38e40000 - 0x00007ffb38ec3000 	C:\Windows\System32\bcryptPrimitives.dll
0x00007ffb15b40000 - 0x00007ffb15b68000 	C:\Program Files\Java\jdk-11.0.12\bin\java.dll
0x00007ffb32a10000 - 0x00007ffb32a1a000 	C:\Program Files\Java\jdk-11.0.12\bin\jimage.dll
0x00007ffb13f50000 - 0x00007ffb13f66000 	C:\Program Files\Java\jdk-11.0.12\bin\zip.dll
0x00007ffb3a780000 - 0x00007ffb3aebf000 	C:\Windows\System32\SHELL32.dll
0x00007ffb36dc0000 - 0x00007ffb37550000 	C:\Windows\SYSTEM32\windows.storage.dll
0x00007ffb3aff0000 - 0x00007ffb3b345000 	C:\Windows\System32\combase.dll
0x00007ffb386b0000 - 0x00007ffb386de000 	C:\Windows\SYSTEM32\Wldp.dll
0x00007ffb39660000 - 0x00007ffb3970d000 	C:\Windows\System32\SHCORE.dll
0x00007ffb3b350000 - 0x00007ffb3b3a5000 	C:\Windows\System32\shlwapi.dll
0x00007ffb38c70000 - 0x00007ffb38c8f000 	C:\Windows\SYSTEM32\profapi.dll
0x00007ffb2b160000 - 0x00007ffb2b179000 	C:\Program Files\Java\jdk-11.0.12\bin\net.dll
0x00007ffb2ace0000 - 0x00007ffb2adec000 	C:\Windows\SYSTEM32\WINHTTP.dll
0x00007ffb38410000 - 0x00007ffb3847a000 	C:\Windows\system32\mswsock.dll
0x00007ffb352b0000 - 0x00007ffb352c2000 	C:\Program Files\Java\jdk-11.0.12\bin\nio.dll
0x00007ffb32a20000 - 0x00007ffb32a29000 	C:\Program Files\Java\jdk-11.0.12\bin\management.dll
0x00007ffb329d0000 - 0x00007ffb329db000 	C:\Program Files\Java\jdk-11.0.12\bin\management_ext.dll
0x00007ffafd430000 - 0x00007ffafd447000 	C:\Windows\system32\napinsp.dll
0x00007ffb00160000 - 0x00007ffb0017b000 	C:\Windows\system32\pnrpnsp.dll
0x00007ffb32e60000 - 0x00007ffb32e75000 	C:\Windows\system32\wshbth.dll
0x00007ffb34150000 - 0x00007ffb3416d000 	C:\Windows\system32\NLAapi.dll
0x00007ffb38100000 - 0x00007ffb3813b000 	C:\Windows\SYSTEM32\IPHLPAPI.DLL
0x00007ffb38140000 - 0x00007ffb3820b000 	C:\Windows\SYSTEM32\DNSAPI.dll
0x00007ffb3a640000 - 0x00007ffb3a648000 	C:\Windows\System32\NSI.dll
0x00007ffb1d560000 - 0x00007ffb1d572000 	C:\Windows\System32\winrnr.dll
0x00007ffb2bcc0000 - 0x00007ffb2bcca000 	C:\Windows\System32\rasadhlp.dll
0x00007ffb2ab20000 - 0x00007ffb2ab9f000 	C:\Windows\System32\fwpuclnt.dll
0x00007ffb39430000 - 0x00007ffb39457000 	C:\Windows\System32\bcrypt.dll
0x00007ffb38600000 - 0x00007ffb38618000 	C:\Windows\SYSTEM32\CRYPTSP.dll
0x00007ffb37d90000 - 0x00007ffb37dc4000 	C:\Windows\system32\rsaenh.dll
0x00007ffb38be0000 - 0x00007ffb38c0e000 	C:\Windows\SYSTEM32\USERENV.dll
0x00007ffb38620000 - 0x00007ffb3862c000 	C:\Windows\SYSTEM32\CRYPTBASE.dll
0x00007ffb2c630000 - 0x00007ffb2c647000 	C:\Windows\SYSTEM32\dhcpcsvc6.DLL
0x00007ffb2c6a0000 - 0x00007ffb2c6bd000 	C:\Windows\SYSTEM32\dhcpcsvc.DLL

dbghelp: loaded successfully - version: 4.0.5 - missing functions: none
symbol engine: initialized successfully - sym options: 0x614 - pdb path: .;C:\Program Files\Java\jdk-11.0.12\bin;C:\Windows\SYSTEM32;C:\Windows\WinSxS\amd64_microsoft.windows.common-controls_6595b64144ccf1df_6.0.19041.1110_none_60b5254171f9507e;C:\Program Files\Java\jdk-11.0.12\bin\server

VM Arguments:
jvm_args: -Dcom.sun.management.jmxremote -Dcom.sun.management.jmxremote.port=60360 -Dcom.sun.management.jmxremote.authenticate=false -Dcom.sun.management.jmxremote.ssl=false -Djava.rmi.server.hostname=localhost -Dspring.application.admin.enabled=true -Dspring.jmx.enabled=true -Dfile.encoding=UTF-8 
java_command: com.ejemplo.tiendaalamano.TiendaALaManoApplication
java_class_path (initial): C:\Users\Administrador\Desktop\HACKATON\HACKATONGRUPOC\Spring Boot Project\target\classes;C:\Users\Administrador\.m2\repository\org\springframework\boot\spring-boot-starter-data-jpa\2.5.4\spring-boot-starter-data-jpa-2.5.4.jar;C:\Users\Administrador\.m2\repository\org\springframework\boot\spring-boot-starter-aop\2.5.4\spring-boot-starter-aop-2.5.4.jar;C:\Users\Administrador\.m2\repository\org\aspectj\aspectjweaver\1.9.7\aspectjweaver-1.9.7.jar;C:\Users\Administrador\.m2\repository\org\springframework\boot\spring-boot-starter-jdbc\2.5.4\spring-boot-starter-jdbc-2.5.4.jar;C:\Users\Administrador\.m2\repository\com\zaxxer\HikariCP\4.0.3\HikariCP-4.0.3.jar;C:\Users\Administrador\.m2\repository\org\springframework\spring-jdbc\5.3.9\spring-jdbc-5.3.9.jar;C:\Users\Administrador\.m2\repository\jakarta\transaction\jakarta.transaction-api\1.3.3\jakarta.transaction-api-1.3.3.jar;C:\Users\Administrador\.m2\repository\jakarta\persistence\jakarta.persistence-api\2.2.3\jakarta.persistence-api-2.2.3.jar;C:\Users\Administrador\.m2\repository\org\hibernate\hibernate-core\5.4.32.Final\hibernate-core-5.4.32.Final.jar;C:\Users\Administrador\.m2\repository\org\jboss\logging\jboss-logging\3.4.2.Final\jboss-logging-3.4.2.Final.jar;C:\Users\Administrador\.m2\repository\org\javassist\javassist\3.27.0-GA\javassist-3.27.0-GA.jar;C:\Users\Administrador\.m2\repository\net\bytebuddy\byte-buddy\1.10.22\byte-buddy-1.10.22.jar;C:\Users\Administrador\.m2\repository\antlr\antlr\2.7.7\antlr-2.7.7.jar;C:\Users\Administrador\.m2\repository\org\jboss\jandex\2.2.3.Final\jandex-2.2.3.Final.jar;C:\Users\Administrador\.m2\repository\com\fasterxml\classmate\1.5.1\classmate-1.5.1.jar;C:\Users\Administrador\.m2\repository\org\dom4j\dom4j\2.1.3\dom4j-2.1.3.jar;C:\Users\Administrador\.m2\repository\org\hibernate\common\hibernate-commons-annotations\5.1.2.Final\hibernate-commons-annotations-5.1.2.Final.jar;C:\Users\Administrador\.m2\repository\org\glassfish\jaxb\jaxb-runtime\2.3.5\jaxb-r
Launcher Type: SUN_STANDARD

[Global flags]
     intx CICompilerCount                          = 3                                         {product} {ergonomic}
     uint ConcGCThreads                            = 1                                         {product} {ergonomic}
     uint G1ConcRefinementThreads                  = 4                                         {product} {ergonomic}
   size_t G1HeapRegionSize                         = 1048576                                   {product} {ergonomic}
    uintx GCDrainStackTargetSize                   = 64                                        {product} {ergonomic}
   size_t InitialHeapSize                          = 134217728                                 {product} {ergonomic}
     bool ManagementServer                         = true                                      {product} {command line}
   size_t MarkStackSize                            = 4194304                                   {product} {ergonomic}
   size_t MaxHeapSize                              = 2122317824                                {product} {ergonomic}
   size_t MaxNewSize                               = 1272971264                                {product} {ergonomic}
   size_t MinHeapDeltaBytes                        = 1048576                                   {product} {ergonomic}
    uintx NonNMethodCodeHeapSize                   = 5830732                                {pd product} {ergonomic}
    uintx NonProfiledCodeHeapSize                  = 122913754                              {pd product} {ergonomic}
    uintx ProfiledCodeHeapSize                     = 122913754                              {pd product} {ergonomic}
    uintx ReservedCodeCacheSize                    = 251658240                              {pd product} {ergonomic}
     bool SegmentedCodeCache                       = true                                      {product} {ergonomic}
     bool UseCompressedClassPointers               = true                                 {lp64_product} {ergonomic}
     bool UseCompressedOops                        = true                                 {lp64_product} {ergonomic}
     bool UseG1GC                                  = true                                      {product} {ergonomic}
     bool UseLargePagesIndividualAllocation        = false                                  {pd product} {ergonomic}

Logging:
Log output configuration:
 #0: stdout all=warning uptime,level,tags
 #1: stderr all=off uptime,level,tags

Environment Variables:
PATH=C:\Program Files\Common Files\Oracle\Java\javapath;C:\Program Files (x86)\Common Files\Oracle\Java\javapath;C:\Windows\system32;C:\Windows;C:\Windows\System32\Wbem;C:\Windows\System32\WindowsPowerShell\v1.0\;C:\Windows\System32\OpenSSH\;C:\Program Files\Git\cmd;C:\composer;C:\Program Files\nodejs\;C:\Program Files\Java\jdk-11.0.12\bin;C:\Users\Administrador\AppData\Local\Programs\Python\Python39\Scripts\;C:\Users\Administrador\AppData\Local\Programs\Python\Python39\;C:\Users\Administrador\AppData\Local\Microsoft\WindowsApps;C:\Users\Administrador\AppData\Local\Programs\Microsoft VS Code\bin;C:\Users\Administrador\AppData\Local\GitHubDesktop\bin;C:\xampp\php;C:\Users\Administrador\AppData\Local\ComposerSetup\bin;C:\Users\Administrador\AppData\Roaming\Composer\vendor\bin;C:\Users\Administrador\AppData\Roaming\npm;C:\Program Files\heroku\bin
USERNAME=Administrador
OS=Windows_NT
PROCESSOR_IDENTIFIER=Intel64 Family 6 Model 78 Stepping 3, GenuineIntel



---------------  S Y S T E M  ---------------

OS: Windows 10 , 64 bit Build 19041 (10.0.19041.1348)

CPU:total 4 (initial active 4) (2 cores per cpu, 2 threads per core) family 6 model 78 stepping 3 microcode 0xea, cmov, cx8, fxsr, mmx, sse, sse2, sse3, ssse3, sse4.1, sse4.2, popcnt, avx, avx2, aes, clmul, erms, 3dnowpref, lzcnt, ht, tsc, tscinvbit, bmi1, bmi2, adx, fma

Memory: 4k page, system-wide physical 8088M (1210M free)
TotalPageFile size 8088M (AvailPageFile size 6M)
current process WorkingSet (physical memory assigned to process): 200M, peak: 202M
current process commit charge ("private bytes"): 276M, peak: 279M

vm_info: Java HotSpot(TM) 64-Bit Server VM (11.0.12+8-LTS-237) for windows-amd64 JRE (11.0.12+8-LTS-237), built on Jun  8 2021 11:25:59 by "mach5one" with MS VC++ 15.9 (VS2017)

END.
