#
# There is insufficient memory for the Java Runtime Environment to continue.
# Native memory allocation (malloc) failed to allocate 710656 bytes for Chunk::new
# Possible reasons:
#   The system is out of physical RAM or swap space
#   The process is running with CompressedOops enabled, and the Java Heap may be blocking the growth of the native heap
# Possible solutions:
#   Reduce memory load on the system
#   Increase physical memory or swap space
#   Check if swap backing store is full
#   Decrease Java heap size (-Xmx/-Xms)
#   Decrease number of Java threads
#   Decrease Java thread stack sizes (-Xss)
#   Set larger code cache with -XX:ReservedCodeCacheSize=
#   JVM is running with Unscaled Compressed Oops mode in which the Java heap is
#     placed in the first 4GB address space. The Java Heap base address is the
#     maximum limit for the native heap growth. Please use -XX:HeapBaseMinAddress
#     to set the Java Heap base and to place the Java Heap above 4GB virtual address.
# This output file may be truncated or incomplete.
#
#  Out of Memory Error (./open/src/hotspot/share/memory/arena.cpp:197), pid=11360, tid=12804
#
# JRE version: Java(TM) SE Runtime Environment 18.9 (11.0.12+8) (build 11.0.12+8-LTS-237)
# Java VM: Java HotSpot(TM) 64-Bit Server VM 18.9 (11.0.12+8-LTS-237, mixed mode, tiered, compressed oops, g1 gc, windows-amd64)
# No core dump will be written. Minidumps are not enabled by default on client versions of Windows
#

---------------  S U M M A R Y ------------

Command Line: -Dcom.sun.management.jmxremote -Dcom.sun.management.jmxremote.port=51528 -Dcom.sun.management.jmxremote.authenticate=false -Dcom.sun.management.jmxremote.ssl=false -Djava.rmi.server.hostname=localhost -Dspring.application.admin.enabled=true -Dspring.jmx.enabled=true -Dfile.encoding=UTF-8 com.ejemplo.tiendaalamano.TiendaALaManoApplication

Host: Intel(R) Core(TM) i5-6200U CPU @ 2.30GHz, 4 cores, 7G,  Windows 10 , 64 bit Build 19041 (10.0.19041.1348)
Time: Fri Dec  3 18:49:12 2021 Hora est. Pacífico, Sudamérica elapsed time: 4.439430 seconds (0d 0h 0m 4s)

---------------  T H R E A D  ---------------

Current thread (0x00000267f55e5800):  JavaThread "C2 CompilerThread0" daemon [_thread_in_native, id=12804, stack(0x0000009627400000,0x0000009627500000)]


Current CompileTask:
C2:   4439 3201       4       org.springframework.beans.factory.support.AbstractBeanFactory::isTypeMatch (607 bytes)

Stack: [0x0000009627400000,0x0000009627500000]
Native frames: (J=compiled Java code, j=interpreted, Vv=VM code, C=native code)
V  [jvm.dll+0x617d9a]
V  [jvm.dll+0x74eeef]
V  [jvm.dll+0x750599]
V  [jvm.dll+0x750c23]
V  [jvm.dll+0x2438d8]
V  [jvm.dll+0xba6dc]
V  [jvm.dll+0xbac9c]
V  [jvm.dll+0x2b4564]
V  [jvm.dll+0x52cc86]
V  [jvm.dll+0x20515d]
V  [jvm.dll+0x1ff15a]
V  [jvm.dll+0x1fc1ca]
V  [jvm.dll+0x17f18c]
V  [jvm.dll+0x20b87c]
V  [jvm.dll+0x20997b]
V  [jvm.dll+0x716359]
V  [jvm.dll+0x70f064]
V  [jvm.dll+0x616f66]
C  [ucrtbase.dll+0x21bb2]
C  [KERNEL32.DLL+0x17034]
C  [ntdll.dll+0x52651]


---------------  P R O C E S S  ---------------

Threads class SMR info:
_java_thread_list=0x00000267f7aed040, length=16, elements={
0x00000267d70e8000, 0x00000267f55cb000, 0x00000267f55cc800, 0x00000267f5f72800,
0x00000267f55e0800, 0x00000267f55e1800, 0x00000267f55e5800, 0x00000267f55eb000,
0x00000267f5fc1000, 0x00000267f60ca800, 0x00000267f6327800, 0x00000267f67e2800,
0x00000267f67d9800, 0x00000267f67b9800, 0x00000267f74f4000, 0x00000267f73e3000
}

Java Threads: ( => current thread )
  0x00000267d70e8000 JavaThread "main" [_thread_blocked, id=2724, stack(0x0000009626800000,0x0000009626900000)]
  0x00000267f55cb000 JavaThread "Reference Handler" daemon [_thread_blocked, id=6840, stack(0x0000009626f00000,0x0000009627000000)]
  0x00000267f55cc800 JavaThread "Finalizer" daemon [_thread_blocked, id=5820, stack(0x0000009627000000,0x0000009627100000)]
  0x00000267f5f72800 JavaThread "Signal Dispatcher" daemon [_thread_blocked, id=4920, stack(0x0000009627100000,0x0000009627200000)]
  0x00000267f55e0800 JavaThread "Attach Listener" daemon [_thread_blocked, id=8932, stack(0x0000009627200000,0x0000009627300000)]
  0x00000267f55e1800 JavaThread "Service Thread" daemon [_thread_blocked, id=6928, stack(0x0000009627300000,0x0000009627400000)]
=>0x00000267f55e5800 JavaThread "C2 CompilerThread0" daemon [_thread_in_native, id=12804, stack(0x0000009627400000,0x0000009627500000)]
  0x00000267f55eb000 JavaThread "C1 CompilerThread0" daemon [_thread_in_native, id=7716, stack(0x0000009627500000,0x0000009627600000)]
  0x00000267f5fc1000 JavaThread "Sweeper thread" daemon [_thread_blocked, id=4836, stack(0x0000009627600000,0x0000009627700000)]
  0x00000267f60ca800 JavaThread "Common-Cleaner" daemon [_thread_blocked, id=7912, stack(0x0000009627700000,0x0000009627800000)]
  0x00000267f6327800 JavaThread "RMI TCP Accept-0" daemon [_thread_in_native, id=12792, stack(0x0000009627800000,0x0000009627900000)]
  0x00000267f67e2800 JavaThread "RMI TCP Accept-51528" daemon [_thread_in_native, id=6456, stack(0x0000009627900000,0x0000009627a00000)]
  0x00000267f67d9800 JavaThread "C2 CompilerThread1" daemon [_thread_in_native, id=1208, stack(0x0000009627a00000,0x0000009627b00000)]
  0x00000267f67b9800 JavaThread "RMI TCP Accept-0" daemon [_thread_in_native, id=4296, stack(0x0000009627b00000,0x0000009627c00000)]
  0x00000267f74f4000 JavaThread "Thread-0" [_thread_blocked, id=6400, stack(0x0000009628000000,0x0000009628100000)]
  0x00000267f73e3000 JavaThread "restartedMain" [_thread_in_vm, id=3472, stack(0x0000009628100000,0x0000009628200000)]

Other Threads:
  0x00000267f55a5000 VMThread "VM Thread" [stack: 0x0000009626e00000,0x0000009626f00000] [id=5328]
  0x00000267f67ba000 WatcherThread [stack: 0x0000009627c00000,0x0000009627d00000] [id=4320]
  0x00000267d70fe000 GCTaskThread "GC Thread#0" [stack: 0x0000009626900000,0x0000009626a00000] [id=3172]
  0x00000267f6817000 GCTaskThread "GC Thread#1" [stack: 0x0000009627d00000,0x0000009627e00000] [id=10308]
  0x00000267f68c4800 GCTaskThread "GC Thread#2" [stack: 0x0000009627e00000,0x0000009627f00000] [id=7004]
  0x00000267f7440000 GCTaskThread "GC Thread#3" [stack: 0x0000009628200000,0x0000009628300000] [id=3504]
  0x00000267d712b000 ConcurrentGCThread "G1 Main Marker" [stack: 0x0000009626a00000,0x0000009626b00000] [id=8288]
  0x00000267d712c800 ConcurrentGCThread "G1 Conc#0" [stack: 0x0000009626b00000,0x0000009626c00000] [id=2056]
  0x00000267d71bb800 ConcurrentGCThread "G1 Refine#0" [stack: 0x0000009626c00000,0x0000009626d00000] [id=12128]
  0x00000267f6358000 ConcurrentGCThread "G1 Refine#1" [stack: 0x0000009627f00000,0x0000009628000000] [id=7244]
  0x00000267d71bc800 ConcurrentGCThread "G1 Young RemSet Sampling" [stack: 0x0000009626d00000,0x0000009626e00000] [id=9504]

Threads with active compile tasks:
C2 CompilerThread0   4546 3201       4       org.springframework.beans.factory.support.AbstractBeanFactory::isTypeMatch (607 bytes)
C1 CompilerThread0   4546 3259   !   3       org.springframework.beans.factory.support.DefaultListableBeanFactory::doGetBeanNamesForType (511 bytes)
C2 CompilerThread1   4546 2972   !   4       jdk.internal.loader.BuiltinClassLoader::loadClassOrNull (143 bytes)

VM state:not at safepoint (normal execution)

VM Mutex/Monitor currently owned by a thread: None

Heap address: 0x0000000081800000, size: 2024 MB, Compressed Oops mode: 32-bit
Narrow klass base: 0x0000000000000000, Narrow klass shift: 3
Compressed class space size: 1073741824 Address: 0x0000000100000000

Heap:
 garbage-first heap   total 157696K, used 77125K [0x0000000081800000, 0x0000000100000000)
  region size 1024K, 72 young (73728K), 5 survivors (5120K)
 Metaspace       used 32695K, capacity 33774K, committed 34048K, reserved 1081344K
  class space    used 3825K, capacity 4246K, committed 4352K, reserved 1048576K
Heap Regions: E=young(eden), S=young(survivor), O=old, HS=humongous(starts), HC=humongous(continues), CS=collection set, F=free, A=archive, TAMS=top-at-mark-start (previous, next)
|   0|0x0000000081800000, 0x0000000081900000, 0x0000000081900000|100%|HS|  |TAMS 0x0000000081900000, 0x0000000081800000| Complete 
|   1|0x0000000081900000, 0x0000000081a00000, 0x0000000081a00000|100%| O|  |TAMS 0x0000000081a00000, 0x0000000081900000| Untracked 
|   2|0x0000000081a00000, 0x0000000081b00000, 0x0000000081b00000|100%| O|  |TAMS 0x0000000081b00000, 0x0000000081a00000| Untracked 
|   3|0x0000000081b00000, 0x0000000081c00000, 0x0000000081c00000|100%| O|  |TAMS 0x0000000081c00000, 0x0000000081b00000| Untracked 
|   4|0x0000000081c00000, 0x0000000081d00000, 0x0000000081d00000|100%| O|  |TAMS 0x0000000081d00000, 0x0000000081c00000| Untracked 
|   5|0x0000000081d00000, 0x0000000081e00000, 0x0000000081e00000|100%| O|  |TAMS 0x0000000081e00000, 0x0000000081d00000| Untracked 
|   6|0x0000000081e00000, 0x0000000081e00000, 0x0000000081f00000|  0%| F|  |TAMS 0x0000000081e00000, 0x0000000081e00000| Untracked 
|   7|0x0000000081f00000, 0x0000000081f00000, 0x0000000082000000|  0%| F|  |TAMS 0x0000000081f00000, 0x0000000081f00000| Untracked 
|   8|0x0000000082000000, 0x0000000082000000, 0x0000000082100000|  0%| F|  |TAMS 0x0000000082000000, 0x0000000082000000| Untracked 
|   9|0x0000000082100000, 0x0000000082100000, 0x0000000082200000|  0%| F|  |TAMS 0x0000000082100000, 0x0000000082100000| Untracked 
|  10|0x0000000082200000, 0x0000000082200000, 0x0000000082300000|  0%| F|  |TAMS 0x0000000082200000, 0x0000000082200000| Untracked 
|  11|0x0000000082300000, 0x0000000082300000, 0x0000000082400000|  0%| F|  |TAMS 0x0000000082300000, 0x0000000082300000| Untracked 
|  12|0x0000000082400000, 0x0000000082400000, 0x0000000082500000|  0%| F|  |TAMS 0x0000000082400000, 0x0000000082400000| Untracked 
|  13|0x0000000082500000, 0x0000000082500000, 0x0000000082600000|  0%| F|  |TAMS 0x0000000082500000, 0x0000000082500000| Untracked 
|  14|0x0000000082600000, 0x0000000082600000, 0x0000000082700000|  0%| F|  |TAMS 0x0000000082600000, 0x0000000082600000| Untracked 
|  15|0x0000000082700000, 0x0000000082700000, 0x0000000082800000|  0%| F|  |TAMS 0x0000000082700000, 0x0000000082700000| Untracked 
|  16|0x0000000082800000, 0x0000000082800000, 0x0000000082900000|  0%| F|  |TAMS 0x0000000082800000, 0x0000000082800000| Untracked 
|  17|0x0000000082900000, 0x0000000082900000, 0x0000000082a00000|  0%| F|  |TAMS 0x0000000082900000, 0x0000000082900000| Untracked 
|  18|0x0000000082a00000, 0x0000000082a00000, 0x0000000082b00000|  0%| F|  |TAMS 0x0000000082a00000, 0x0000000082a00000| Untracked 
|  19|0x0000000082b00000, 0x0000000082b00000, 0x0000000082c00000|  0%| F|  |TAMS 0x0000000082b00000, 0x0000000082b00000| Untracked 
|  20|0x0000000082c00000, 0x0000000082c00000, 0x0000000082d00000|  0%| F|  |TAMS 0x0000000082c00000, 0x0000000082c00000| Untracked 
|  21|0x0000000082d00000, 0x0000000082d00000, 0x0000000082e00000|  0%| F|  |TAMS 0x0000000082d00000, 0x0000000082d00000| Untracked 
|  22|0x0000000082e00000, 0x0000000082e00000, 0x0000000082f00000|  0%| F|  |TAMS 0x0000000082e00000, 0x0000000082e00000| Untracked 
|  23|0x0000000082f00000, 0x0000000082f00000, 0x0000000083000000|  0%| F|  |TAMS 0x0000000082f00000, 0x0000000082f00000| Untracked 
|  24|0x0000000083000000, 0x0000000083000000, 0x0000000083100000|  0%| F|  |TAMS 0x0000000083000000, 0x0000000083000000| Untracked 
|  25|0x0000000083100000, 0x0000000083100000, 0x0000000083200000|  0%| F|  |TAMS 0x0000000083100000, 0x0000000083100000| Untracked 
|  26|0x0000000083200000, 0x0000000083200000, 0x0000000083300000|  0%| F|  |TAMS 0x0000000083200000, 0x0000000083200000| Untracked 
|  27|0x0000000083300000, 0x0000000083300000, 0x0000000083400000|  0%| F|  |TAMS 0x0000000083300000, 0x0000000083300000| Untracked 
|  28|0x0000000083400000, 0x0000000083400000, 0x0000000083500000|  0%| F|  |TAMS 0x0000000083400000, 0x0000000083400000| Untracked 
|  29|0x0000000083500000, 0x0000000083500000, 0x0000000083600000|  0%| F|  |TAMS 0x0000000083500000, 0x0000000083500000| Untracked 
|  30|0x0000000083600000, 0x0000000083600000, 0x0000000083700000|  0%| F|  |TAMS 0x0000000083600000, 0x0000000083600000| Untracked 
|  31|0x0000000083700000, 0x0000000083700000, 0x0000000083800000|  0%| F|  |TAMS 0x0000000083700000, 0x0000000083700000| Untracked 
|  32|0x0000000083800000, 0x0000000083800000, 0x0000000083900000|  0%| F|  |TAMS 0x0000000083800000, 0x0000000083800000| Untracked 
|  33|0x0000000083900000, 0x0000000083900000, 0x0000000083a00000|  0%| F|  |TAMS 0x0000000083900000, 0x0000000083900000| Untracked 
|  34|0x0000000083a00000, 0x0000000083a00000, 0x0000000083b00000|  0%| F|  |TAMS 0x0000000083a00000, 0x0000000083a00000| Untracked 
|  35|0x0000000083b00000, 0x0000000083b00000, 0x0000000083c00000|  0%| F|  |TAMS 0x0000000083b00000, 0x0000000083b00000| Untracked 
|  36|0x0000000083c00000, 0x0000000083c00000, 0x0000000083d00000|  0%| F|  |TAMS 0x0000000083c00000, 0x0000000083c00000| Untracked 
|  37|0x0000000083d00000, 0x0000000083d00000, 0x0000000083e00000|  0%| F|  |TAMS 0x0000000083d00000, 0x0000000083d00000| Untracked 
|  38|0x0000000083e00000, 0x0000000083e00000, 0x0000000083f00000|  0%| F|  |TAMS 0x0000000083e00000, 0x0000000083e00000| Untracked 
|  39|0x0000000083f00000, 0x0000000083f00000, 0x0000000084000000|  0%| F|  |TAMS 0x0000000083f00000, 0x0000000083f00000| Untracked 
|  40|0x0000000084000000, 0x0000000084000000, 0x0000000084100000|  0%| F|  |TAMS 0x0000000084000000, 0x0000000084000000| Untracked 
|  41|0x0000000084100000, 0x0000000084100000, 0x0000000084200000|  0%| F|  |TAMS 0x0000000084100000, 0x0000000084100000| Untracked 
|  42|0x0000000084200000, 0x0000000084200000, 0x0000000084300000|  0%| F|  |TAMS 0x0000000084200000, 0x0000000084200000| Untracked 
|  43|0x0000000084300000, 0x0000000084300000, 0x0000000084400000|  0%| F|  |TAMS 0x0000000084300000, 0x0000000084300000| Untracked 
|  44|0x0000000084400000, 0x0000000084400000, 0x0000000084500000|  0%| F|  |TAMS 0x0000000084400000, 0x0000000084400000| Untracked 
|  45|0x0000000084500000, 0x0000000084500000, 0x0000000084600000|  0%| F|  |TAMS 0x0000000084500000, 0x0000000084500000| Untracked 
|  46|0x0000000084600000, 0x0000000084600000, 0x0000000084700000|  0%| F|  |TAMS 0x0000000084600000, 0x0000000084600000| Untracked 
|  47|0x0000000084700000, 0x00000000847517f8, 0x0000000084800000| 31%| S|CS|TAMS 0x0000000084700000, 0x0000000084700000| Complete 
|  48|0x0000000084800000, 0x0000000084900000, 0x0000000084900000|100%| S|CS|TAMS 0x0000000084800000, 0x0000000084800000| Complete 
|  49|0x0000000084900000, 0x0000000084a00000, 0x0000000084a00000|100%| S|CS|TAMS 0x0000000084900000, 0x0000000084900000| Complete 
|  50|0x0000000084a00000, 0x0000000084b00000, 0x0000000084b00000|100%| S|CS|TAMS 0x0000000084a00000, 0x0000000084a00000| Complete 
|  51|0x0000000084b00000, 0x0000000084c00000, 0x0000000084c00000|100%| S|CS|TAMS 0x0000000084b00000, 0x0000000084b00000| Complete 
|  52|0x0000000084c00000, 0x0000000084c00000, 0x0000000084d00000|  0%| F|  |TAMS 0x0000000084c00000, 0x0000000084c00000| Untracked 
|  53|0x0000000084d00000, 0x0000000084d00000, 0x0000000084e00000|  0%| F|  |TAMS 0x0000000084d00000, 0x0000000084d00000| Untracked 
|  54|0x0000000084e00000, 0x0000000084e00000, 0x0000000084f00000|  0%| F|  |TAMS 0x0000000084e00000, 0x0000000084e00000| Untracked 
|  55|0x0000000084f00000, 0x0000000084f00000, 0x0000000085000000|  0%| F|  |TAMS 0x0000000084f00000, 0x0000000084f00000| Untracked 
|  56|0x0000000085000000, 0x0000000085000000, 0x0000000085100000|  0%| F|  |TAMS 0x0000000085000000, 0x0000000085000000| Untracked 
|  57|0x0000000085100000, 0x0000000085100000, 0x0000000085200000|  0%| F|  |TAMS 0x0000000085100000, 0x0000000085100000| Untracked 
|  58|0x0000000085200000, 0x0000000085200000, 0x0000000085300000|  0%| F|  |TAMS 0x0000000085200000, 0x0000000085200000| Untracked 
|  59|0x0000000085300000, 0x0000000085300000, 0x0000000085400000|  0%| F|  |TAMS 0x0000000085300000, 0x0000000085300000| Untracked 
|  60|0x0000000085400000, 0x0000000085400000, 0x0000000085500000|  0%| F|  |TAMS 0x0000000085400000, 0x0000000085400000| Untracked 
|  61|0x0000000085500000, 0x0000000085500000, 0x0000000085600000|  0%| F|  |TAMS 0x0000000085500000, 0x0000000085500000| Untracked 
|  62|0x0000000085600000, 0x0000000085600000, 0x0000000085700000|  0%| F|  |TAMS 0x0000000085600000, 0x0000000085600000| Untracked 
|  63|0x0000000085700000, 0x0000000085700000, 0x0000000085800000|  0%| F|  |TAMS 0x0000000085700000, 0x0000000085700000| Untracked 
|  64|0x0000000085800000, 0x0000000085800000, 0x0000000085900000|  0%| F|  |TAMS 0x0000000085800000, 0x0000000085800000| Untracked 
|  65|0x0000000085900000, 0x0000000085900000, 0x0000000085a00000|  0%| F|  |TAMS 0x0000000085900000, 0x0000000085900000| Untracked 
|  66|0x0000000085a00000, 0x0000000085a00000, 0x0000000085b00000|  0%| F|  |TAMS 0x0000000085a00000, 0x0000000085a00000| Untracked 
|  67|0x0000000085b00000, 0x0000000085b00000, 0x0000000085c00000|  0%| F|  |TAMS 0x0000000085b00000, 0x0000000085b00000| Untracked 
|  68|0x0000000085c00000, 0x0000000085c00000, 0x0000000085d00000|  0%| F|  |TAMS 0x0000000085c00000, 0x0000000085c00000| Untracked 
|  69|0x0000000085d00000, 0x0000000085d00000, 0x0000000085e00000|  0%| F|  |TAMS 0x0000000085d00000, 0x0000000085d00000| Untracked 
|  70|0x0000000085e00000, 0x0000000085e00000, 0x0000000085f00000|  0%| F|  |TAMS 0x0000000085e00000, 0x0000000085e00000| Untracked 
|  71|0x0000000085f00000, 0x0000000085f00000, 0x0000000086000000|  0%| F|  |TAMS 0x0000000085f00000, 0x0000000085f00000| Untracked 
|  72|0x0000000086000000, 0x0000000086000000, 0x0000000086100000|  0%| F|  |TAMS 0x0000000086000000, 0x0000000086000000| Untracked 
|  73|0x0000000086100000, 0x0000000086100000, 0x0000000086200000|  0%| F|  |TAMS 0x0000000086100000, 0x0000000086100000| Untracked 
|  74|0x0000000086200000, 0x0000000086200000, 0x0000000086300000|  0%| F|  |TAMS 0x0000000086200000, 0x0000000086200000| Untracked 
|  75|0x0000000086300000, 0x0000000086300000, 0x0000000086400000|  0%| F|  |TAMS 0x0000000086300000, 0x0000000086300000| Untracked 
|  76|0x0000000086400000, 0x0000000086400000, 0x0000000086500000|  0%| F|  |TAMS 0x0000000086400000, 0x0000000086400000| Untracked 
|  77|0x0000000086500000, 0x0000000086500000, 0x0000000086600000|  0%| F|  |TAMS 0x0000000086500000, 0x0000000086500000| Untracked 
|  78|0x0000000086600000, 0x0000000086600000, 0x0000000086700000|  0%| F|  |TAMS 0x0000000086600000, 0x0000000086600000| Untracked 
|  79|0x0000000086700000, 0x0000000086700000, 0x0000000086800000|  0%| F|  |TAMS 0x0000000086700000, 0x0000000086700000| Untracked 
|  80|0x0000000086800000, 0x0000000086800000, 0x0000000086900000|  0%| F|  |TAMS 0x0000000086800000, 0x0000000086800000| Untracked 
|  81|0x0000000086900000, 0x0000000086900000, 0x0000000086a00000|  0%| F|  |TAMS 0x0000000086900000, 0x0000000086900000| Untracked 
|  82|0x0000000086a00000, 0x0000000086a00000, 0x0000000086b00000|  0%| F|  |TAMS 0x0000000086a00000, 0x0000000086a00000| Untracked 
|  83|0x0000000086b00000, 0x0000000086b00000, 0x0000000086c00000|  0%| F|  |TAMS 0x0000000086b00000, 0x0000000086b00000| Untracked 
|  84|0x0000000086c00000, 0x0000000086c00000, 0x0000000086d00000|  0%| F|  |TAMS 0x0000000086c00000, 0x0000000086c00000| Untracked 
|  85|0x0000000086d00000, 0x0000000086d00000, 0x0000000086e00000|  0%| F|  |TAMS 0x0000000086d00000, 0x0000000086d00000| Untracked 
|  86|0x0000000086e00000, 0x0000000086e00000, 0x0000000086f00000|  0%| F|  |TAMS 0x0000000086e00000, 0x0000000086e00000| Untracked 
|  87|0x0000000086f00000, 0x0000000087000000, 0x0000000087000000|100%| E|  |TAMS 0x0000000086f00000, 0x0000000086f00000| Complete 
|  88|0x0000000087000000, 0x0000000087100000, 0x0000000087100000|100%| E|CS|TAMS 0x0000000087000000, 0x0000000087000000| Complete 
|  89|0x0000000087100000, 0x0000000087200000, 0x0000000087200000|100%| E|CS|TAMS 0x0000000087100000, 0x0000000087100000| Complete 
|  90|0x0000000087200000, 0x0000000087300000, 0x0000000087300000|100%| E|CS|TAMS 0x0000000087200000, 0x0000000087200000| Complete 
|  91|0x0000000087300000, 0x0000000087400000, 0x0000000087400000|100%| E|CS|TAMS 0x0000000087300000, 0x0000000087300000| Complete 
|  92|0x0000000087400000, 0x0000000087500000, 0x0000000087500000|100%| E|CS|TAMS 0x0000000087400000, 0x0000000087400000| Complete 
|  93|0x0000000087500000, 0x0000000087600000, 0x0000000087600000|100%| E|CS|TAMS 0x0000000087500000, 0x0000000087500000| Complete 
|  94|0x0000000087600000, 0x0000000087700000, 0x0000000087700000|100%| E|CS|TAMS 0x0000000087600000, 0x0000000087600000| Complete 
|  95|0x0000000087700000, 0x0000000087800000, 0x0000000087800000|100%| E|CS|TAMS 0x0000000087700000, 0x0000000087700000| Complete 
|  96|0x0000000087800000, 0x0000000087900000, 0x0000000087900000|100%| E|CS|TAMS 0x0000000087800000, 0x0000000087800000| Complete 
|  97|0x0000000087900000, 0x0000000087a00000, 0x0000000087a00000|100%| E|CS|TAMS 0x0000000087900000, 0x0000000087900000| Complete 
|  98|0x0000000087a00000, 0x0000000087b00000, 0x0000000087b00000|100%| E|CS|TAMS 0x0000000087a00000, 0x0000000087a00000| Complete 
|  99|0x0000000087b00000, 0x0000000087c00000, 0x0000000087c00000|100%| E|CS|TAMS 0x0000000087b00000, 0x0000000087b00000| Complete 
| 100|0x0000000087c00000, 0x0000000087d00000, 0x0000000087d00000|100%| E|CS|TAMS 0x0000000087c00000, 0x0000000087c00000| Complete 
| 101|0x0000000087d00000, 0x0000000087e00000, 0x0000000087e00000|100%| E|CS|TAMS 0x0000000087d00000, 0x0000000087d00000| Complete 
| 102|0x0000000087e00000, 0x0000000087f00000, 0x0000000087f00000|100%| E|CS|TAMS 0x0000000087e00000, 0x0000000087e00000| Complete 
| 103|0x0000000087f00000, 0x0000000088000000, 0x0000000088000000|100%| E|CS|TAMS 0x0000000087f00000, 0x0000000087f00000| Complete 
| 104|0x0000000088000000, 0x0000000088100000, 0x0000000088100000|100%| E|CS|TAMS 0x0000000088000000, 0x0000000088000000| Complete 
| 105|0x0000000088100000, 0x0000000088200000, 0x0000000088200000|100%| E|CS|TAMS 0x0000000088100000, 0x0000000088100000| Complete 
| 106|0x0000000088200000, 0x0000000088300000, 0x0000000088300000|100%| E|CS|TAMS 0x0000000088200000, 0x0000000088200000| Complete 
| 107|0x0000000088300000, 0x0000000088400000, 0x0000000088400000|100%| E|CS|TAMS 0x0000000088300000, 0x0000000088300000| Complete 
| 108|0x0000000088400000, 0x0000000088500000, 0x0000000088500000|100%| E|CS|TAMS 0x0000000088400000, 0x0000000088400000| Complete 
| 109|0x0000000088500000, 0x0000000088600000, 0x0000000088600000|100%| E|CS|TAMS 0x0000000088500000, 0x0000000088500000| Complete 
| 110|0x0000000088600000, 0x0000000088700000, 0x0000000088700000|100%| E|CS|TAMS 0x0000000088600000, 0x0000000088600000| Complete 
| 111|0x0000000088700000, 0x0000000088800000, 0x0000000088800000|100%| E|CS|TAMS 0x0000000088700000, 0x0000000088700000| Complete 
| 112|0x0000000088800000, 0x0000000088900000, 0x0000000088900000|100%| E|CS|TAMS 0x0000000088800000, 0x0000000088800000| Complete 
| 113|0x0000000088900000, 0x0000000088a00000, 0x0000000088a00000|100%| E|CS|TAMS 0x0000000088900000, 0x0000000088900000| Complete 
| 114|0x0000000088a00000, 0x0000000088b00000, 0x0000000088b00000|100%| E|CS|TAMS 0x0000000088a00000, 0x0000000088a00000| Complete 
| 115|0x0000000088b00000, 0x0000000088c00000, 0x0000000088c00000|100%| E|CS|TAMS 0x0000000088b00000, 0x0000000088b00000| Complete 
| 116|0x0000000088c00000, 0x0000000088d00000, 0x0000000088d00000|100%| E|CS|TAMS 0x0000000088c00000, 0x0000000088c00000| Complete 
| 117|0x0000000088d00000, 0x0000000088e00000, 0x0000000088e00000|100%| E|CS|TAMS 0x0000000088d00000, 0x0000000088d00000| Complete 
| 118|0x0000000088e00000, 0x0000000088f00000, 0x0000000088f00000|100%| E|CS|TAMS 0x0000000088e00000, 0x0000000088e00000| Complete 
| 119|0x0000000088f00000, 0x0000000089000000, 0x0000000089000000|100%| E|CS|TAMS 0x0000000088f00000, 0x0000000088f00000| Complete 
| 120|0x0000000089000000, 0x0000000089100000, 0x0000000089100000|100%| E|CS|TAMS 0x0000000089000000, 0x0000000089000000| Complete 
| 121|0x0000000089100000, 0x0000000089200000, 0x0000000089200000|100%| E|CS|TAMS 0x0000000089100000, 0x0000000089100000| Complete 
| 122|0x0000000089200000, 0x0000000089300000, 0x0000000089300000|100%| E|CS|TAMS 0x0000000089200000, 0x0000000089200000| Complete 
| 123|0x0000000089300000, 0x0000000089400000, 0x0000000089400000|100%| E|CS|TAMS 0x0000000089300000, 0x0000000089300000| Complete 
| 124|0x0000000089400000, 0x0000000089500000, 0x0000000089500000|100%| E|CS|TAMS 0x0000000089400000, 0x0000000089400000| Complete 
| 125|0x0000000089500000, 0x0000000089600000, 0x0000000089600000|100%| E|CS|TAMS 0x0000000089500000, 0x0000000089500000| Complete 
| 126|0x0000000089600000, 0x0000000089700000, 0x0000000089700000|100%| E|CS|TAMS 0x0000000089600000, 0x0000000089600000| Complete 
| 127|0x0000000089700000, 0x0000000089800000, 0x0000000089800000|100%| E|CS|TAMS 0x0000000089700000, 0x0000000089700000| Complete 
| 128|0x0000000089800000, 0x0000000089900000, 0x0000000089900000|100%| E|CS|TAMS 0x0000000089800000, 0x0000000089800000| Complete 
| 129|0x0000000089900000, 0x0000000089a00000, 0x0000000089a00000|100%| E|CS|TAMS 0x0000000089900000, 0x0000000089900000| Complete 
| 130|0x0000000089a00000, 0x0000000089b00000, 0x0000000089b00000|100%| E|CS|TAMS 0x0000000089a00000, 0x0000000089a00000| Complete 
| 131|0x0000000089b00000, 0x0000000089c00000, 0x0000000089c00000|100%| E|CS|TAMS 0x0000000089b00000, 0x0000000089b00000| Complete 
| 132|0x0000000089c00000, 0x0000000089d00000, 0x0000000089d00000|100%| E|CS|TAMS 0x0000000089c00000, 0x0000000089c00000| Complete 
| 133|0x0000000089d00000, 0x0000000089e00000, 0x0000000089e00000|100%| E|CS|TAMS 0x0000000089d00000, 0x0000000089d00000| Complete 
| 134|0x0000000089e00000, 0x0000000089f00000, 0x0000000089f00000|100%| E|CS|TAMS 0x0000000089e00000, 0x0000000089e00000| Complete 
| 135|0x0000000089f00000, 0x000000008a000000, 0x000000008a000000|100%| E|CS|TAMS 0x0000000089f00000, 0x0000000089f00000| Complete 
| 136|0x000000008a000000, 0x000000008a100000, 0x000000008a100000|100%| E|CS|TAMS 0x000000008a000000, 0x000000008a000000| Complete 
| 137|0x000000008a100000, 0x000000008a200000, 0x000000008a200000|100%| E|CS|TAMS 0x000000008a100000, 0x000000008a100000| Complete 
| 138|0x000000008a200000, 0x000000008a300000, 0x000000008a300000|100%| E|CS|TAMS 0x000000008a200000, 0x000000008a200000| Complete 
| 139|0x000000008a300000, 0x000000008a400000, 0x000000008a400000|100%| E|CS|TAMS 0x000000008a300000, 0x000000008a300000| Complete 
| 140|0x000000008a400000, 0x000000008a500000, 0x000000008a500000|100%| E|CS|TAMS 0x000000008a400000, 0x000000008a400000| Complete 
| 141|0x000000008a500000, 0x000000008a600000, 0x000000008a600000|100%| E|CS|TAMS 0x000000008a500000, 0x000000008a500000| Complete 
| 142|0x000000008a600000, 0x000000008a700000, 0x000000008a700000|100%| E|CS|TAMS 0x000000008a600000, 0x000000008a600000| Complete 
| 143|0x000000008a700000, 0x000000008a800000, 0x000000008a800000|100%| E|CS|TAMS 0x000000008a700000, 0x000000008a700000| Complete 
| 144|0x000000008a800000, 0x000000008a900000, 0x000000008a900000|100%| E|CS|TAMS 0x000000008a800000, 0x000000008a800000| Complete 
| 145|0x000000008a900000, 0x000000008a9ffd20, 0x000000008aa00000| 99%| E|  |TAMS 0x000000008a900000, 0x000000008a900000| Complete 
| 146|0x000000008aa00000, 0x000000008ab00000, 0x000000008ab00000|100%| E|CS|TAMS 0x000000008aa00000, 0x000000008aa00000| Complete 
| 147|0x000000008ab00000, 0x000000008ac00000, 0x000000008ac00000|100%| E|CS|TAMS 0x000000008ab00000, 0x000000008ab00000| Complete 
| 148|0x000000008ac00000, 0x000000008ad00000, 0x000000008ad00000|100%| E|CS|TAMS 0x000000008ac00000, 0x000000008ac00000| Complete 
| 149|0x000000008ad00000, 0x000000008ae00000, 0x000000008ae00000|100%| E|CS|TAMS 0x000000008ad00000, 0x000000008ad00000| Complete 
| 150|0x000000008ae00000, 0x000000008af00000, 0x000000008af00000|100%| E|CS|TAMS 0x000000008ae00000, 0x000000008ae00000| Complete 
| 151|0x000000008af00000, 0x000000008b000000, 0x000000008b000000|100%| E|CS|TAMS 0x000000008af00000, 0x000000008af00000| Complete 
| 152|0x000000008b000000, 0x000000008b100000, 0x000000008b100000|100%| E|CS|TAMS 0x000000008b000000, 0x000000008b000000| Complete 
| 153|0x000000008b100000, 0x000000008b200000, 0x000000008b200000|100%| E|CS|TAMS 0x000000008b100000, 0x000000008b100000| Complete 

Card table byte_map: [0x00000267ee9a0000,0x00000267eeda0000] _byte_map_base: 0x00000267ee594000

Marking Bits (Prev, Next): (CMBitMap*) 0x00000267d508e4e0, (CMBitMap*) 0x00000267d508e4a8
 Prev Bits: [0x00000267f1140000, 0x00000267f30e0000)
 Next Bits: [0x00000267ef1a0000, 0x00000267f1140000)

Polling page: 0x00000267d5280000

Metaspace:

Usage:
  Non-class:     28.84 MB capacity,    28.19 MB ( 98%) used,   543.08 KB (  2%) free+waste,   114.88 KB ( <1%) overhead. 
      Class:      4.15 MB capacity,     3.74 MB ( 90%) used,   364.55 KB (  9%) free+waste,    56.38 KB (  1%) overhead. 
       Both:     32.98 MB capacity,    31.93 MB ( 97%) used,   907.63 KB (  3%) free+waste,   171.25 KB ( <1%) overhead. 

Virtual space:
  Non-class space:       32.00 MB reserved,      29.00 MB ( 91%) committed 
      Class space:        1.00 GB reserved,       4.25 MB ( <1%) committed 
             Both:        1.03 GB reserved,      33.25 MB (  3%) committed 

Chunk freelists:
   Non-Class:  5.00 KB
       Class:  1.25 KB
        Both:  6.25 KB

CodeHeap 'non-profiled nmethods': size=120064Kb used=1362Kb max_used=1362Kb free=118701Kb
 bounds [0x00000267e7060000, 0x00000267e72d0000, 0x00000267ee5a0000]
CodeHeap 'profiled nmethods': size=120000Kb used=6881Kb max_used=6881Kb free=113118Kb
 bounds [0x00000267dfb30000, 0x00000267e01f0000, 0x00000267e7060000]
CodeHeap 'non-nmethods': size=5696Kb used=1144Kb max_used=1177Kb free=4551Kb
 bounds [0x00000267df5a0000, 0x00000267df810000, 0x00000267dfb30000]
 total_blobs=3718 nmethods=3245 adapters=384
 compilation: enabled
              stopped_count=0, restarted_count=0
 full_count=0

Compilation events (10 events):
Event: 4.409 Thread 0x00000267f55eb000 nmethod 3253 0x00000267e01e4b90 code [0x00000267e01e4d20, 0x00000267e01e4e78]
Event: 4.410 Thread 0x00000267f55eb000 3255       1       org.springframework.context.annotation.ConfigurationMethod::getConfigurationClass (5 bytes)
Event: 4.410 Thread 0x00000267f55eb000 nmethod 3255 0x00000267e71b4410 code [0x00000267e71b45a0, 0x00000267e71b4658]
Event: 4.412 Thread 0x00000267f55eb000 3256       3       java.lang.reflect.AccessibleObject::logIfExportedForIllegalAccess (54 bytes)
Event: 4.413 Thread 0x00000267f55eb000 nmethod 3256 0x00000267e01e4f10 code [0x00000267e01e5140, 0x00000267e01e59c8]
Event: 4.413 Thread 0x00000267f55eb000 3257       1       org.springframework.beans.factory.support.AbstractBeanFactory::getTempClassLoader (5 bytes)
Event: 4.413 Thread 0x00000267f55eb000 nmethod 3257 0x00000267e71b4710 code [0x00000267e71b48a0, 0x00000267e71b4958]
Event: 4.415 Thread 0x00000267f55eb000 3258   !   3       org.springframework.util.ConcurrentReferenceHashMap$Segment::doTask (179 bytes)
Event: 4.417 Thread 0x00000267f55eb000 nmethod 3258 0x00000267e01e5d10 code [0x00000267e01e60a0, 0x00000267e01e7a88]
Event: 4.417 Thread 0x00000267f55eb000 3259   !   3       org.springframework.beans.factory.support.DefaultListableBeanFactory::doGetBeanNamesForType (511 bytes)

GC Heap History (10 events):
Event: 1.088 GC heap before
{Heap before GC invocations=1 (full 0):
 garbage-first heap   total 131072K, used 10299K [0x0000000081800000, 0x0000000100000000)
  region size 1024K, 6 young (6144K), 2 survivors (2048K)
 Metaspace       used 14232K, capacity 14556K, committed 14720K, reserved 1062912K
  class space    used 1423K, capacity 1539K, committed 1664K, reserved 1048576K
}
Event: 1.092 GC heap after
{Heap after GC invocations=2 (full 0):
 garbage-first heap   total 131072K, used 6908K [0x0000000081800000, 0x0000000100000000)
  region size 1024K, 1 young (1024K), 1 survivors (1024K)
 Metaspace       used 14232K, capacity 14556K, committed 14720K, reserved 1062912K
  class space    used 1423K, capacity 1539K, committed 1664K, reserved 1048576K
}
Event: 1.338 GC heap before
{Heap before GC invocations=2 (full 0):
 garbage-first heap   total 131072K, used 26364K [0x0000000081800000, 0x0000000100000000)
  region size 1024K, 21 young (21504K), 1 survivors (1024K)
 Metaspace       used 15926K, capacity 16399K, committed 16640K, reserved 1064960K
  class space    used 1624K, capacity 1773K, committed 1792K, reserved 1048576K
}
Event: 1.340 GC heap after
{Heap after GC invocations=3 (full 0):
 garbage-first heap   total 131072K, used 7396K [0x0000000081800000, 0x0000000100000000)
  region size 1024K, 2 young (2048K), 2 survivors (2048K)
 Metaspace       used 15926K, capacity 16399K, committed 16640K, reserved 1064960K
  class space    used 1624K, capacity 1773K, committed 1792K, reserved 1048576K
}
Event: 1.426 GC heap before
{Heap before GC invocations=3 (full 0):
 garbage-first heap   total 131072K, used 38116K [0x0000000081800000, 0x0000000100000000)
  region size 1024K, 33 young (33792K), 2 survivors (2048K)
 Metaspace       used 16062K, capacity 16517K, committed 16768K, reserved 1064960K
  class space    used 1644K, capacity 1813K, committed 1920K, reserved 1048576K
}
Event: 1.442 GC heap after
{Heap after GC invocations=4 (full 0):
 garbage-first heap   total 131072K, used 7361K [0x0000000081800000, 0x0000000100000000)
  region size 1024K, 2 young (2048K), 2 survivors (2048K)
 Metaspace       used 16062K, capacity 16517K, committed 16768K, reserved 1064960K
  class space    used 1644K, capacity 1813K, committed 1920K, reserved 1048576K
}
Event: 2.140 GC heap before
{Heap before GC invocations=4 (full 0):
 garbage-first heap   total 131072K, used 32961K [0x0000000081800000, 0x0000000100000000)
  region size 1024K, 28 young (28672K), 2 survivors (2048K)
 Metaspace       used 20586K, capacity 21198K, committed 21248K, reserved 1069056K
  class space    used 2271K, capacity 2513K, committed 2560K, reserved 1048576K
}
Event: 2.146 GC heap after
{Heap after GC invocations=5 (full 0):
 garbage-first heap   total 131072K, used 8931K [0x0000000081800000, 0x0000000100000000)
  region size 1024K, 3 young (3072K), 3 survivors (3072K)
 Metaspace       used 20586K, capacity 21198K, committed 21248K, reserved 1069056K
  class space    used 2271K, capacity 2513K, committed 2560K, reserved 1048576K
}
Event: 2.945 GC heap before
{Heap before GC invocations=6 (full 0):
 garbage-first heap   total 131072K, used 82659K [0x0000000081800000, 0x0000000100000000)
  region size 1024K, 76 young (77824K), 3 survivors (3072K)
 Metaspace       used 28139K, capacity 29017K, committed 29184K, reserved 1075200K
  class space    used 3228K, capacity 3566K, committed 3584K, reserved 1048576K
}
Event: 2.952 GC heap after
{Heap after GC invocations=7 (full 0):
 garbage-first heap   total 157696K, used 10565K [0x0000000081800000, 0x0000000100000000)
  region size 1024K, 5 young (5120K), 5 survivors (5120K)
 Metaspace       used 28139K, capacity 29017K, committed 29184K, reserved 1075200K
  class space    used 3228K, capacity 3566K, committed 3584K, reserved 1048576K
}

Deoptimization events (10 events):
Event: 3.661 Thread 0x00000267f73e3000 Uncommon trap: reason=intrinsic_or_type_checked_inlining action=make_not_entrant pc=0x00000267e7189de8 method=java.util.ArrayList.toArray([Ljava/lang/Object;)[Ljava/lang/Object; @ 36 c2
Event: 3.740 Thread 0x00000267f73e3000 Uncommon trap: reason=class_check action=maybe_recompile pc=0x00000267e706addc method=java.lang.String.equals(Ljava/lang/Object;)Z @ 8 c2
Event: 3.740 Thread 0x00000267f73e3000 Uncommon trap: reason=class_check action=maybe_recompile pc=0x00000267e706addc method=java.lang.String.equals(Ljava/lang/Object;)Z @ 8 c2
Event: 3.740 Thread 0x00000267f73e3000 Uncommon trap: reason=class_check action=maybe_recompile pc=0x00000267e706addc method=java.lang.String.equals(Ljava/lang/Object;)Z @ 8 c2
Event: 3.741 Thread 0x00000267f73e3000 Uncommon trap: reason=class_check action=maybe_recompile pc=0x00000267e71914b4 method=java.lang.String.equals(Ljava/lang/Object;)Z @ 8 c2
Event: 3.742 Thread 0x00000267f73e3000 Uncommon trap: reason=class_check action=maybe_recompile pc=0x00000267e706addc method=java.lang.String.equals(Ljava/lang/Object;)Z @ 8 c2
Event: 4.130 Thread 0x00000267f73e3000 Uncommon trap: reason=unstable_if action=reinterpret pc=0x00000267e719b4c0 method=org.springframework.beans.factory.support.AbstractBeanFactory.getMergedLocalBeanDefinition(Ljava/lang/String;)Lorg/springframework/beans/factory/support/RootBeanDefinition; 
Event: 4.131 Thread 0x00000267f73e3000 Uncommon trap: reason=unstable_if action=reinterpret pc=0x00000267e71a9eb0 method=org.springframework.beans.factory.support.DefaultSingletonBeanRegistry.getSingleton(Ljava/lang/String;Z)Ljava/lang/Object; @ 20 c2
Event: 4.220 Thread 0x00000267f73e3000 Uncommon trap: reason=class_check action=maybe_recompile pc=0x00000267e71857b8 method=org.springframework.util.ConcurrentReferenceHashMap$Segment.findInChain(Lorg/springframework/util/ConcurrentReferenceHashMap$Reference;Ljava/lang/Object;I)Lorg/springfra
Event: 4.245 Thread 0x00000267f73e3000 Uncommon trap: reason=class_check action=maybe_recompile pc=0x00000267e71857b8 method=org.springframework.util.ConcurrentReferenceHashMap$Segment.findInChain(Lorg/springframework/util/ConcurrentReferenceHashMap$Reference;Ljava/lang/Object;I)Lorg/springfra

Classes redefined (0 events):
No events

Internal exceptions (10 events):
Event: 2.535 Thread 0x00000267f73e3000 Exception <a 'java/lang/ClassNotFoundException'{0x000000008780bc60}: org/springframework/beans/factory/AwareCustomizer> (0x000000008780bc60) thrown at [./open/src/hotspot/share/classfile/systemDictionary.cpp, line 228]
Event: 2.690 Thread 0x00000267f744f000 Exception <a 'java/lang/NoSuchMethodError'{0x0000000086fb3fb8}: java.lang.invoke.DirectMethodHandle$Holder.invokeSpecial(Ljava/lang/Object;Ljava/lang/Object;)J> (0x0000000086fb3fb8) thrown at [./open/src/hotspot/share/interpreter/linkResolver.cpp, line 77
Event: 2.693 Thread 0x00000267f744f000 Exception <a 'java/lang/NoSuchMethodError'{0x0000000086fbe300}: java.lang.invoke.DirectMethodHandle$Holder.invokeStatic(Ljava/lang/Object;Ljava/lang/Object;)J> (0x0000000086fbe300) thrown at [./open/src/hotspot/share/interpreter/linkResolver.cpp, line 772
Event: 2.694 Thread 0x00000267f744f000 Exception <a 'java/lang/NoSuchMethodError'{0x0000000086fc1128}: java.lang.invoke.DirectMethodHandle$Holder.invokeStaticInit(Ljava/lang/Object;Ljava/lang/Object;)J> (0x0000000086fc1128) thrown at [./open/src/hotspot/share/interpreter/linkResolver.cpp, line
Event: 2.696 Thread 0x00000267f744f000 Exception <a 'java/lang/NoSuchMethodError'{0x0000000086e50b48}: java.lang.invoke.DirectMethodHandle$Holder.invokeInterface(Ljava/lang/Object;Ljava/lang/Object;)J> (0x0000000086e50b48) thrown at [./open/src/hotspot/share/interpreter/linkResolver.cpp, line 
Event: 2.696 Thread 0x00000267f744f000 Exception <a 'java/lang/IncompatibleClassChangeError'{0x0000000086e538e0}: Found class java.lang.Object, but interface was expected> (0x0000000086e538e0) thrown at [./open/src/hotspot/share/interpreter/linkResolver.cpp, line 838]
Event: 2.714 Thread 0x00000267f744f000 Exception <a 'java/lang/NoSuchMethodError'{0x0000000086d9d858}: java.lang.invoke.DirectMethodHandle$Holder.invokeVirtual(Ljava/lang/Object;Ljava/lang/Object;Ljava/lang/Object;Ljava/lang/Object;)Ljava/lang/Object;> (0x0000000086d9d858) thrown at [./open/sr
Event: 3.036 Thread 0x00000267f73e3000 Exception <a 'java/lang/IncompatibleClassChangeError'{0x000000008a373c70}: Found class java.lang.Object, but interface was expected> (0x000000008a373c70) thrown at [./open/src/hotspot/share/interpreter/linkResolver.cpp, line 838]
Event: 3.178 Thread 0x00000267f73e3000 Exception <a 'java/lang/NoSuchMethodError'{0x000000008a1740c0}: java.lang.invoke.DirectMethodHandle$Holder.invokeInterface(Ljava/lang/Object;Ljava/lang/Object;Ljava/lang/Object;Ljava/lang/Object;)V> (0x000000008a1740c0) thrown at [./open/src/hotspot/share
Event: 4.259 Thread 0x00000267f73e3000 Exception <a 'java/lang/NoSuchMethodError'{0x0000000087951700}: java.lang.invoke.DirectMethodHandle$Holder.invokeSpecialIFC(Ljava/lang/Object;Ljava/lang/Object;Ljava/lang/Object;)Ljava/lang/Object;> (0x0000000087951700) thrown at [./open/src/hotspot/share

Events (10 events):
Event: 4.423 loading class org/springframework/beans/Mergeable
Event: 4.423 loading class org/springframework/beans/Mergeable done
Event: 4.425 loading class org/springframework/transaction/interceptor/TransactionAttributeSource
Event: 4.425 loading class org/springframework/transaction/interceptor/TransactionAttributeSource done
Event: 4.426 loading class org/aopalliance/aop/Advice
Event: 4.426 loading class org/aopalliance/aop/Advice done
Event: 4.426 loading class org/springframework/transaction/interceptor/TransactionInterceptor
Event: 4.426 loading class org/springframework/transaction/interceptor/TransactionInterceptor done
Event: 4.427 loading class org/aopalliance/intercept/MethodInterceptor
Event: 4.427 loading class org/aopalliance/intercept/MethodInterceptor done


Dynamic libraries:
0x00007ff61e0b0000 - 0x00007ff61e0bf000 	C:\Program Files\Java\jdk-11.0.12\bin\java.exe
0x00007ffb3b610000 - 0x00007ffb3b805000 	C:\Windows\SYSTEM32\ntdll.dll
0x00007ffb39fc0000 - 0x00007ffb3a07e000 	C:\Windows\System32\KERNEL32.DLL
0x00007ffb38fd0000 - 0x00007ffb39298000 	C:\Windows\System32\KERNELBASE.dll
0x00007ffb38ed0000 - 0x00007ffb38fd0000 	C:\Windows\System32\ucrtbase.dll
0x00007ffb2b0e0000 - 0x00007ffb2b0f5000 	C:\Program Files\Java\jdk-11.0.12\bin\VCRUNTIME140.dll
0x00007ffb1bcc0000 - 0x00007ffb1bcd8000 	C:\Program Files\Java\jdk-11.0.12\bin\jli.dll
0x00007ffb3a400000 - 0x00007ffb3a4ac000 	C:\Windows\System32\ADVAPI32.dll
0x00007ffb3b470000 - 0x00007ffb3b50e000 	C:\Windows\System32\msvcrt.dll
0x00007ffb3b3b0000 - 0x00007ffb3b44b000 	C:\Windows\System32\sechost.dll
0x00007ffb3a650000 - 0x00007ffb3a77a000 	C:\Windows\System32\RPCRT4.dll
0x00007ffb39770000 - 0x00007ffb39911000 	C:\Windows\System32\USER32.dll
0x00007ffb392a0000 - 0x00007ffb392c2000 	C:\Windows\System32\win32u.dll
0x00007ffb39da0000 - 0x00007ffb39dcb000 	C:\Windows\System32\GDI32.dll
0x00007ffb38d30000 - 0x00007ffb38e3b000 	C:\Windows\System32\gdi32full.dll
0x00007ffb395c0000 - 0x00007ffb3965d000 	C:\Windows\System32\msvcp_win.dll
0x00007ffb1fc20000 - 0x00007ffb1feba000 	C:\Windows\WinSxS\amd64_microsoft.windows.common-controls_6595b64144ccf1df_6.0.19041.1110_none_60b5254171f9507e\COMCTL32.dll
0x00007ffb339a0000 - 0x00007ffb339aa000 	C:\Windows\SYSTEM32\VERSION.dll
0x00007ffb3a590000 - 0x00007ffb3a5c0000 	C:\Windows\System32\IMM32.DLL
0x00007ffb02500000 - 0x00007ffb0259b000 	C:\Program Files\Java\jdk-11.0.12\bin\msvcp140.dll
0x00007ffaf4ba0000 - 0x00007ffaf569f000 	C:\Program Files\Java\jdk-11.0.12\bin\server\jvm.dll
0x00007ffb3aec0000 - 0x00007ffb3aec8000 	C:\Windows\System32\PSAPI.DLL
0x00007ffb33550000 - 0x00007ffb33559000 	C:\Windows\SYSTEM32\WSOCK32.dll
0x00007ffb3af80000 - 0x00007ffb3afeb000 	C:\Windows\System32\WS2_32.dll
0x00007ffb1f4b0000 - 0x00007ffb1f4d7000 	C:\Windows\SYSTEM32\WINMM.dll
0x00007ffb375b0000 - 0x00007ffb375c2000 	C:\Windows\SYSTEM32\kernel.appcore.dll
0x00007ffb351e0000 - 0x00007ffb351f0000 	C:\Program Files\Java\jdk-11.0.12\bin\verify.dll
0x00007ffb2bcd0000 - 0x00007ffb2beb4000 	C:\Windows\SYSTEM32\DBGHELP.DLL
0x00007ffb120b0000 - 0x00007ffb120dc000 	C:\Windows\SYSTEM32\dbgcore.DLL
0x00007ffb38e40000 - 0x00007ffb38ec3000 	C:\Windows\System32\bcryptPrimitives.dll
0x00007ffb15b40000 - 0x00007ffb15b68000 	C:\Program Files\Java\jdk-11.0.12\bin\java.dll
0x00007ffb32a10000 - 0x00007ffb32a1a000 	C:\Program Files\Java\jdk-11.0.12\bin\jimage.dll
0x00007ffb13f50000 - 0x00007ffb13f66000 	C:\Program Files\Java\jdk-11.0.12\bin\zip.dll
0x00007ffb3a780000 - 0x00007ffb3aebf000 	C:\Windows\System32\SHELL32.dll
0x00007ffb36dc0000 - 0x00007ffb37550000 	C:\Windows\SYSTEM32\windows.storage.dll
0x00007ffb3aff0000 - 0x00007ffb3b345000 	C:\Windows\System32\combase.dll
0x00007ffb386b0000 - 0x00007ffb386de000 	C:\Windows\SYSTEM32\Wldp.dll
0x00007ffb39660000 - 0x00007ffb3970d000 	C:\Windows\System32\SHCORE.dll
0x00007ffb3b350000 - 0x00007ffb3b3a5000 	C:\Windows\System32\shlwapi.dll
0x00007ffb38c70000 - 0x00007ffb38c8f000 	C:\Windows\SYSTEM32\profapi.dll
0x00007ffb2b160000 - 0x00007ffb2b179000 	C:\Program Files\Java\jdk-11.0.12\bin\net.dll
0x00007ffb2ace0000 - 0x00007ffb2adec000 	C:\Windows\SYSTEM32\WINHTTP.dll
0x00007ffb38410000 - 0x00007ffb3847a000 	C:\Windows\system32\mswsock.dll
0x00007ffb352b0000 - 0x00007ffb352c2000 	C:\Program Files\Java\jdk-11.0.12\bin\nio.dll
0x00007ffb32a20000 - 0x00007ffb32a29000 	C:\Program Files\Java\jdk-11.0.12\bin\management.dll
0x00007ffb329d0000 - 0x00007ffb329db000 	C:\Program Files\Java\jdk-11.0.12\bin\management_ext.dll
0x00007ffafd430000 - 0x00007ffafd447000 	C:\Windows\system32\napinsp.dll
0x00007ffb00160000 - 0x00007ffb0017b000 	C:\Windows\system32\pnrpnsp.dll
0x00007ffb32e60000 - 0x00007ffb32e75000 	C:\Windows\system32\wshbth.dll
0x00007ffb34150000 - 0x00007ffb3416d000 	C:\Windows\system32\NLAapi.dll
0x00007ffb38100000 - 0x00007ffb3813b000 	C:\Windows\SYSTEM32\IPHLPAPI.DLL
0x00007ffb38140000 - 0x00007ffb3820b000 	C:\Windows\SYSTEM32\DNSAPI.dll
0x00007ffb3a640000 - 0x00007ffb3a648000 	C:\Windows\System32\NSI.dll
0x00007ffb1d560000 - 0x00007ffb1d572000 	C:\Windows\System32\winrnr.dll
0x00007ffb2bcc0000 - 0x00007ffb2bcca000 	C:\Windows\System32\rasadhlp.dll
0x00007ffb2ab20000 - 0x00007ffb2ab9f000 	C:\Windows\System32\fwpuclnt.dll
0x00007ffb39430000 - 0x00007ffb39457000 	C:\Windows\System32\bcrypt.dll
0x00007ffb38600000 - 0x00007ffb38618000 	C:\Windows\SYSTEM32\CRYPTSP.dll
0x00007ffb37d90000 - 0x00007ffb37dc4000 	C:\Windows\system32\rsaenh.dll
0x00007ffb38be0000 - 0x00007ffb38c0e000 	C:\Windows\SYSTEM32\USERENV.dll
0x00007ffb38620000 - 0x00007ffb3862c000 	C:\Windows\SYSTEM32\CRYPTBASE.dll
0x00007ffb2c630000 - 0x00007ffb2c647000 	C:\Windows\SYSTEM32\dhcpcsvc6.DLL
0x00007ffb2c6a0000 - 0x00007ffb2c6bd000 	C:\Windows\SYSTEM32\dhcpcsvc.DLL

dbghelp: loaded successfully - version: 4.0.5 - missing functions: none
symbol engine: initialized successfully - sym options: 0x614 - pdb path: .;C:\Program Files\Java\jdk-11.0.12\bin;C:\Windows\SYSTEM32;C:\Windows\WinSxS\amd64_microsoft.windows.common-controls_6595b64144ccf1df_6.0.19041.1110_none_60b5254171f9507e;C:\Program Files\Java\jdk-11.0.12\bin\server

VM Arguments:
jvm_args: -Dcom.sun.management.jmxremote -Dcom.sun.management.jmxremote.port=51528 -Dcom.sun.management.jmxremote.authenticate=false -Dcom.sun.management.jmxremote.ssl=false -Djava.rmi.server.hostname=localhost -Dspring.application.admin.enabled=true -Dspring.jmx.enabled=true -Dfile.encoding=UTF-8 
java_command: com.ejemplo.tiendaalamano.TiendaALaManoApplication
java_class_path (initial): C:\Users\Administrador\Desktop\HACKATON\HACKATONGRUPOC\Spring Boot Project\target\classes;C:\Users\Administrador\.m2\repository\org\springframework\boot\spring-boot-starter-data-jpa\2.5.4\spring-boot-starter-data-jpa-2.5.4.jar;C:\Users\Administrador\.m2\repository\org\springframework\boot\spring-boot-starter-aop\2.5.4\spring-boot-starter-aop-2.5.4.jar;C:\Users\Administrador\.m2\repository\org\aspectj\aspectjweaver\1.9.7\aspectjweaver-1.9.7.jar;C:\Users\Administrador\.m2\repository\org\springframework\boot\spring-boot-starter-jdbc\2.5.4\spring-boot-starter-jdbc-2.5.4.jar;C:\Users\Administrador\.m2\repository\com\zaxxer\HikariCP\4.0.3\HikariCP-4.0.3.jar;C:\Users\Administrador\.m2\repository\org\springframework\spring-jdbc\5.3.9\spring-jdbc-5.3.9.jar;C:\Users\Administrador\.m2\repository\jakarta\transaction\jakarta.transaction-api\1.3.3\jakarta.transaction-api-1.3.3.jar;C:\Users\Administrador\.m2\repository\jakarta\persistence\jakarta.persistence-api\2.2.3\jakarta.persistence-api-2.2.3.jar;C:\Users\Administrador\.m2\repository\org\hibernate\hibernate-core\5.4.32.Final\hibernate-core-5.4.32.Final.jar;C:\Users\Administrador\.m2\repository\org\jboss\logging\jboss-logging\3.4.2.Final\jboss-logging-3.4.2.Final.jar;C:\Users\Administrador\.m2\repository\org\javassist\javassist\3.27.0-GA\javassist-3.27.0-GA.jar;C:\Users\Administrador\.m2\repository\net\bytebuddy\byte-buddy\1.10.22\byte-buddy-1.10.22.jar;C:\Users\Administrador\.m2\repository\antlr\antlr\2.7.7\antlr-2.7.7.jar;C:\Users\Administrador\.m2\repository\org\jboss\jandex\2.2.3.Final\jandex-2.2.3.Final.jar;C:\Users\Administrador\.m2\repository\com\fasterxml\classmate\1.5.1\classmate-1.5.1.jar;C:\Users\Administrador\.m2\repository\org\dom4j\dom4j\2.1.3\dom4j-2.1.3.jar;C:\Users\Administrador\.m2\repository\org\hibernate\common\hibernate-commons-annotations\5.1.2.Final\hibernate-commons-annotations-5.1.2.Final.jar;C:\Users\Administrador\.m2\repository\org\glassfish\jaxb\jaxb-runtime\2.3.5\jaxb-r
Launcher Type: SUN_STANDARD

[Global flags]
     intx CICompilerCount                          = 3                                         {product} {ergonomic}
     uint ConcGCThreads                            = 1                                         {product} {ergonomic}
     uint G1ConcRefinementThreads                  = 4                                         {product} {ergonomic}
   size_t G1HeapRegionSize                         = 1048576                                   {product} {ergonomic}
    uintx GCDrainStackTargetSize                   = 64                                        {product} {ergonomic}
   size_t InitialHeapSize                          = 134217728                                 {product} {ergonomic}
     bool ManagementServer                         = true                                      {product} {command line}
   size_t MarkStackSize                            = 4194304                                   {product} {ergonomic}
   size_t MaxHeapSize                              = 2122317824                                {product} {ergonomic}
   size_t MaxNewSize                               = 1272971264                                {product} {ergonomic}
   size_t MinHeapDeltaBytes                        = 1048576                                   {product} {ergonomic}
    uintx NonNMethodCodeHeapSize                   = 5830732                                {pd product} {ergonomic}
    uintx NonProfiledCodeHeapSize                  = 122913754                              {pd product} {ergonomic}
    uintx ProfiledCodeHeapSize                     = 122913754                              {pd product} {ergonomic}
    uintx ReservedCodeCacheSize                    = 251658240                              {pd product} {ergonomic}
     bool SegmentedCodeCache                       = true                                      {product} {ergonomic}
     bool UseCompressedClassPointers               = true                                 {lp64_product} {ergonomic}
     bool UseCompressedOops                        = true                                 {lp64_product} {ergonomic}
     bool UseG1GC                                  = true                                      {product} {ergonomic}
     bool UseLargePagesIndividualAllocation        = false                                  {pd product} {ergonomic}

Logging:
Log output configuration:
 #0: stdout all=warning uptime,level,tags
 #1: stderr all=off uptime,level,tags

Environment Variables:
PATH=C:\Program Files\Common Files\Oracle\Java\javapath;C:\Program Files (x86)\Common Files\Oracle\Java\javapath;C:\Windows\system32;C:\Windows;C:\Windows\System32\Wbem;C:\Windows\System32\WindowsPowerShell\v1.0\;C:\Windows\System32\OpenSSH\;C:\Program Files\Git\cmd;C:\composer;C:\Program Files\nodejs\;C:\Program Files\Java\jdk-11.0.12\bin;C:\Users\Administrador\AppData\Local\Programs\Python\Python39\Scripts\;C:\Users\Administrador\AppData\Local\Programs\Python\Python39\;C:\Users\Administrador\AppData\Local\Microsoft\WindowsApps;C:\Users\Administrador\AppData\Local\Programs\Microsoft VS Code\bin;C:\Users\Administrador\AppData\Local\GitHubDesktop\bin;C:\xampp\php;C:\Users\Administrador\AppData\Local\ComposerSetup\bin;C:\Users\Administrador\AppData\Roaming\Composer\vendor\bin;C:\Users\Administrador\AppData\Roaming\npm;C:\Program Files\heroku\bin
USERNAME=Administrador
OS=Windows_NT
PROCESSOR_IDENTIFIER=Intel64 Family 6 Model 78 Stepping 3, GenuineIntel



---------------  S Y S T E M  ---------------

OS: Windows 10 , 64 bit Build 19041 (10.0.19041.1348)

CPU:total 4 (initial active 4) (2 cores per cpu, 2 threads per core) family 6 model 78 stepping 3 microcode 0xea, cmov, cx8, fxsr, mmx, sse, sse2, sse3, ssse3, sse4.1, sse4.2, popcnt, avx, avx2, aes, clmul, erms, 3dnowpref, lzcnt, ht, tsc, tscinvbit, bmi1, bmi2, adx, fma

Memory: 4k page, system-wide physical 8088M (1240M free)
TotalPageFile size 8088M (AvailPageFile size 4M)
current process WorkingSet (physical memory assigned to process): 235M, peak: 235M
current process commit charge ("private bytes"): 311M, peak: 311M

vm_info: Java HotSpot(TM) 64-Bit Server VM (11.0.12+8-LTS-237) for windows-amd64 JRE (11.0.12+8-LTS-237), built on Jun  8 2021 11:25:59 by "mach5one" with MS VC++ 15.9 (VS2017)

END.
