#
# There is insufficient memory for the Java Runtime Environment to continue.
# Native memory allocation (mmap) failed to map 27262976 bytes for Failed to commit area from 0x0000000089800000 to 0x000000008b200000 of length 27262976.
# Possible reasons:
#   The system is out of physical RAM or swap space
#   The process is running with CompressedOops enabled, and the Java Heap may be blocking the growth of the native heap
# Possible solutions:
#   Reduce memory load on the system
#   Increase physical memory or swap space
#   Check if swap backing store is full
#   Decrease Java heap size (-Xmx/-Xms)
#   Decrease number of Java threads
#   Decrease Java thread stack sizes (-Xss)
#   Set larger code cache with -XX:ReservedCodeCacheSize=
#   JVM is running with Unscaled Compressed Oops mode in which the Java heap is
#     placed in the first 4GB address space. The Java Heap base address is the
#     maximum limit for the native heap growth. Please use -XX:HeapBaseMinAddress
#     to set the Java Heap base and to place the Java Heap above 4GB virtual address.
# This output file may be truncated or incomplete.
#
#  Out of Memory Error (./open/src/hotspot/os/windows/os_windows.cpp:3273), pid=7600, tid=12424
#
# JRE version: Java(TM) SE Runtime Environment 18.9 (11.0.12+8) (build 11.0.12+8-LTS-237)
# Java VM: Java HotSpot(TM) 64-Bit Server VM 18.9 (11.0.12+8-LTS-237, mixed mode, tiered, compressed oops, g1 gc, windows-amd64)
# No core dump will be written. Minidumps are not enabled by default on client versions of Windows
#

---------------  S U M M A R Y ------------

Command Line: -Dcom.sun.management.jmxremote -Dcom.sun.management.jmxremote.port=57603 -Dcom.sun.management.jmxremote.authenticate=false -Dcom.sun.management.jmxremote.ssl=false -Djava.rmi.server.hostname=localhost -Dspring.application.admin.enabled=true -Dspring.jmx.enabled=true -Dfile.encoding=UTF-8 com.ejemplo.tiendaalamano.TiendaALaManoApplication

Host: Intel(R) Core(TM) i5-6200U CPU @ 2.30GHz, 4 cores, 7G,  Windows 10 , 64 bit Build 19041 (10.0.19041.1348)
Time: Fri Dec  3 19:05:46 2021 Hora est. Pacífico, Sudamérica elapsed time: 2.536952 seconds (0d 0h 0m 2s)

---------------  T H R E A D  ---------------

Current thread (0x000002d5611f5000):  VMThread "VM Thread" [stack: 0x000000f7cd700000,0x000000f7cd800000] [id=12424]

Stack: [0x000000f7cd700000,0x000000f7cd800000]
[error occurred during error reporting (printing stack bounds), id 0xc0000005, EXCEPTION_ACCESS_VIOLATION (0xc0000005) at pc=0x000002d54aac0f2d]

Native frames: (J=compiled Java code, j=interpreted, Vv=VM code, C=native code)
V  [jvm.dll+0x617d9a]
V  [jvm.dll+0x74eeef]
V  [jvm.dll+0x750599]
V  [jvm.dll+0x750b85]
V  [jvm.dll+0x750b3b]
V  [jvm.dll+0x6175d3]
V  [jvm.dll+0x617998]
C  [ntdll.dll+0xa20cf]
C  [ntdll.dll+0x51454]
C  [ntdll.dll+0xa0bfe]
C  0x000002d54aac0f2d

VM_Operation (0x000000f7ceafb110): G1CollectForAllocation, mode: safepoint, requested by thread 0x000002d5630ad000


---------------  P R O C E S S  ---------------

Threads class SMR info:
_java_thread_list=0x000002d563af8520, length=17, elements={
0x000002d540de5800, 0x000002d56121b800, 0x000002d561225000, 0x000002d561bc2800,
0x000002d561232800, 0x000002d561233800, 0x000002d561234800, 0x000002d561242000,
0x000002d561248800, 0x000002d561d12800, 0x000002d561d3d000, 0x000002d562405000,
0x000002d562513000, 0x000002d562511000, 0x000002d563950800, 0x000002d5630ad000,
0x000002d5635f8800
}

Java Threads: ( => current thread )
  0x000002d540de5800 JavaThread "main" [_thread_blocked, id=12092, stack(0x000000f7cd100000,0x000000f7cd200000)]
  0x000002d56121b800 JavaThread "Reference Handler" daemon [_thread_blocked, id=6340, stack(0x000000f7cd800000,0x000000f7cd900000)]
  0x000002d561225000 JavaThread "Finalizer" daemon [_thread_blocked, id=9944, stack(0x000000f7cd900000,0x000000f7cda00000)]
  0x000002d561bc2800 JavaThread "Signal Dispatcher" daemon [_thread_blocked, id=7784, stack(0x000000f7cda00000,0x000000f7cdb00000)]
  0x000002d561232800 JavaThread "Attach Listener" daemon [_thread_blocked, id=6588, stack(0x000000f7cdb00000,0x000000f7cdc00000)]
  0x000002d561233800 JavaThread "Service Thread" daemon [_thread_blocked, id=6396, stack(0x000000f7cdc00000,0x000000f7cdd00000)]
  0x000002d561234800 JavaThread "C2 CompilerThread0" daemon [_thread_blocked, id=7232, stack(0x000000f7cdd00000,0x000000f7cde00000)]
  0x000002d561242000 JavaThread "C1 CompilerThread0" daemon [_thread_blocked, id=12796, stack(0x000000f7cde00000,0x000000f7cdf00000)]
  0x000002d561248800 JavaThread "Sweeper thread" daemon [_thread_blocked, id=6476, stack(0x000000f7cdf00000,0x000000f7ce000000)]
  0x000002d561d12800 JavaThread "Common-Cleaner" daemon [_thread_blocked, id=12880, stack(0x000000f7ce000000,0x000000f7ce100000)]
  0x000002d561d3d000 JavaThread "RMI TCP Accept-0" daemon [_thread_in_native, id=8896, stack(0x000000f7ce100000,0x000000f7ce200000)]
  0x000002d562405000 JavaThread "RMI TCP Accept-57603" daemon [_thread_in_native, id=4680, stack(0x000000f7ce200000,0x000000f7ce300000)]
  0x000002d562513000 JavaThread "RMI TCP Accept-0" daemon [_thread_in_native, id=8048, stack(0x000000f7ce300000,0x000000f7ce400000)]
  0x000002d562511000 JavaThread "C2 CompilerThread1" daemon [_thread_blocked, id=11940, stack(0x000000f7ce400000,0x000000f7ce500000)]
  0x000002d563950800 JavaThread "Thread-0" [_thread_blocked, id=5008, stack(0x000000f7ce900000,0x000000f7cea00000)]
  0x000002d5630ad000 JavaThread "restartedMain" [_thread_blocked, id=5984, stack(0x000000f7cea00000,0x000000f7ceb00000)]
  0x000002d5635f8800 JavaThread "Thread-3" [_thread_blocked, id=12204, stack(0x000000f7cec00000,0x000000f7ced00000)]

Other Threads:
=>0x000002d5611f5000 VMThread "VM Thread" [stack: 0x000000f7cd700000,0x000000f7cd800000] [id=12424]
  0x000002d5624a9000 WatcherThread [stack: 0x000000f7ce500000,0x000000f7ce600000] [id=13264]
  0x000002d540dfb800 GCTaskThread "GC Thread#0" [stack: 0x000000f7cd200000,0x000000f7cd300000] [id=9220]
  0x000002d56264d800 GCTaskThread "GC Thread#1" [stack: 0x000000f7ce600000,0x000000f7ce700000] [id=8972]
  0x000002d562696000 GCTaskThread "GC Thread#2" [stack: 0x000000f7ce700000,0x000000f7ce800000] [id=12628]
  0x000002d56320e800 GCTaskThread "GC Thread#3" [stack: 0x000000f7ceb00000,0x000000f7cec00000] [id=5472]
  0x000002d540e2e000 ConcurrentGCThread "G1 Main Marker" [stack: 0x000000f7cd300000,0x000000f7cd400000] [id=12556]
  0x000002d540e2f000 ConcurrentGCThread "G1 Conc#0" [stack: 0x000000f7cd400000,0x000000f7cd500000] [id=9324]
  0x000002d540ebe000 ConcurrentGCThread "G1 Refine#0" [stack: 0x000000f7cd500000,0x000000f7cd600000] [id=7664]
  0x000002d561ff9000 ConcurrentGCThread "G1 Refine#1" [stack: 0x000000f7ce800000,0x000000f7ce900000] [id=10872]
  0x000002d561060800 ConcurrentGCThread "G1 Young RemSet Sampling" [stack: 0x000000f7cd600000,0x000000f7cd700000] [id=12992]

Threads with active compile tasks:
C2 CompilerThread0   2567 2403       4       java.util.Properties$LineReader::readLine (584 bytes)

VM state:at safepoint (normal execution)

VM Mutex/Monitor currently owned by a thread:  ([mutex/lock_event])
[0x000002d540de2770] Threads_lock - owner thread: 0x000002d5611f5000
[0x000002d540de21d0] Heap_lock - owner thread: 0x000002d5630ad000

Heap address: 0x0000000081800000, size: 2024 MB, Compressed Oops mode: 32-bit
Narrow klass base: 0x0000000000000000, Narrow klass shift: 3
Compressed class space size: 1073741824 Address: 0x0000000100000000

Heap:
 garbage-first heap   total 157696K, used 10794K [0x0000000081800000, 0x0000000100000000)
  region size 1024K, 5 young (5120K), 5 survivors (5120K)
 Metaspace       used 28140K, capacity 29021K, committed 29184K, reserved 1075200K
  class space    used 3226K, capacity 3566K, committed 3584K, reserved 1048576K
Heap Regions: E=young(eden), S=young(survivor), O=old, HS=humongous(starts), HC=humongous(continues), CS=collection set, F=free, A=archive, TAMS=top-at-mark-start (previous, next)
|   0|0x0000000081800000, 0x0000000081900000, 0x0000000081900000|100%|HS|  |TAMS 0x0000000081900000, 0x0000000081800000| Complete 
|   1|0x0000000081900000, 0x0000000081a00000, 0x0000000081a00000|100%| O|  |TAMS 0x0000000081a00000, 0x0000000081900000| Untracked 
|   2|0x0000000081a00000, 0x0000000081b00000, 0x0000000081b00000|100%| O|  |TAMS 0x0000000081b00000, 0x0000000081a00000| Untracked 
|   3|0x0000000081b00000, 0x0000000081c00000, 0x0000000081c00000|100%| O|  |TAMS 0x0000000081c00000, 0x0000000081b00000| Untracked 
|   4|0x0000000081c00000, 0x0000000081d00000, 0x0000000081d00000|100%| O|  |TAMS 0x0000000081d00000, 0x0000000081c00000| Untracked 
|   5|0x0000000081d00000, 0x0000000081e00000, 0x0000000081e00000|100%| O|  |TAMS 0x0000000081e00000, 0x0000000081d00000| Untracked 
|   6|0x0000000081e00000, 0x0000000081e1ae00, 0x0000000081f00000| 10%| O|  |TAMS 0x0000000081e1ae00, 0x0000000081e00000| Untracked 
|   7|0x0000000081f00000, 0x0000000081f00000, 0x0000000082000000|  0%| F|  |TAMS 0x0000000081f00000, 0x0000000081f00000| Untracked 
|   8|0x0000000082000000, 0x0000000082000000, 0x0000000082100000|  0%| F|  |TAMS 0x0000000082000000, 0x0000000082000000| Untracked 
|   9|0x0000000082100000, 0x0000000082100000, 0x0000000082200000|  0%| F|  |TAMS 0x0000000082100000, 0x0000000082100000| Untracked 
|  10|0x0000000082200000, 0x0000000082200000, 0x0000000082300000|  0%| F|  |TAMS 0x0000000082200000, 0x0000000082200000| Untracked 
|  11|0x0000000082300000, 0x0000000082300000, 0x0000000082400000|  0%| F|  |TAMS 0x0000000082300000, 0x0000000082300000| Untracked 
|  12|0x0000000082400000, 0x0000000082400000, 0x0000000082500000|  0%| F|  |TAMS 0x0000000082400000, 0x0000000082400000| Untracked 
|  13|0x0000000082500000, 0x0000000082500000, 0x0000000082600000|  0%| F|  |TAMS 0x0000000082500000, 0x0000000082500000| Untracked 
|  14|0x0000000082600000, 0x0000000082600000, 0x0000000082700000|  0%| F|  |TAMS 0x0000000082600000, 0x0000000082600000| Untracked 
|  15|0x0000000082700000, 0x0000000082700000, 0x0000000082800000|  0%| F|  |TAMS 0x0000000082700000, 0x0000000082700000| Untracked 
|  16|0x0000000082800000, 0x0000000082800000, 0x0000000082900000|  0%| F|  |TAMS 0x0000000082800000, 0x0000000082800000| Untracked 
|  17|0x0000000082900000, 0x0000000082900000, 0x0000000082a00000|  0%| F|  |TAMS 0x0000000082900000, 0x0000000082900000| Untracked 
|  18|0x0000000082a00000, 0x0000000082a00000, 0x0000000082b00000|  0%| F|  |TAMS 0x0000000082a00000, 0x0000000082a00000| Untracked 
|  19|0x0000000082b00000, 0x0000000082b00000, 0x0000000082c00000|  0%| F|  |TAMS 0x0000000082b00000, 0x0000000082b00000| Untracked 
|  20|0x0000000082c00000, 0x0000000082c00000, 0x0000000082d00000|  0%| F|  |TAMS 0x0000000082c00000, 0x0000000082c00000| Untracked 
|  21|0x0000000082d00000, 0x0000000082d00000, 0x0000000082e00000|  0%| F|  |TAMS 0x0000000082d00000, 0x0000000082d00000| Untracked 
|  22|0x0000000082e00000, 0x0000000082e00000, 0x0000000082f00000|  0%| F|  |TAMS 0x0000000082e00000, 0x0000000082e00000| Untracked 
|  23|0x0000000082f00000, 0x0000000082f00000, 0x0000000083000000|  0%| F|  |TAMS 0x0000000082f00000, 0x0000000082f00000| Untracked 
|  24|0x0000000083000000, 0x0000000083000000, 0x0000000083100000|  0%| F|  |TAMS 0x0000000083000000, 0x0000000083000000| Untracked 
|  25|0x0000000083100000, 0x0000000083100000, 0x0000000083200000|  0%| F|  |TAMS 0x0000000083100000, 0x0000000083100000| Untracked 
|  26|0x0000000083200000, 0x0000000083200000, 0x0000000083300000|  0%| F|  |TAMS 0x0000000083200000, 0x0000000083200000| Untracked 
|  27|0x0000000083300000, 0x0000000083300000, 0x0000000083400000|  0%| F|  |TAMS 0x0000000083300000, 0x0000000083300000| Untracked 
|  28|0x0000000083400000, 0x0000000083400000, 0x0000000083500000|  0%| F|  |TAMS 0x0000000083400000, 0x0000000083400000| Untracked 
|  29|0x0000000083500000, 0x0000000083500000, 0x0000000083600000|  0%| F|  |TAMS 0x0000000083500000, 0x0000000083500000| Untracked 
|  30|0x0000000083600000, 0x0000000083600000, 0x0000000083700000|  0%| F|  |TAMS 0x0000000083600000, 0x0000000083600000| Untracked 
|  31|0x0000000083700000, 0x0000000083700000, 0x0000000083800000|  0%| F|  |TAMS 0x0000000083700000, 0x0000000083700000| Untracked 
|  32|0x0000000083800000, 0x0000000083800000, 0x0000000083900000|  0%| F|  |TAMS 0x0000000083800000, 0x0000000083800000| Untracked 
|  33|0x0000000083900000, 0x0000000083900000, 0x0000000083a00000|  0%| F|  |TAMS 0x0000000083900000, 0x0000000083900000| Untracked 
|  34|0x0000000083a00000, 0x0000000083a00000, 0x0000000083b00000|  0%| F|  |TAMS 0x0000000083a00000, 0x0000000083a00000| Untracked 
|  35|0x0000000083b00000, 0x0000000083b00000, 0x0000000083c00000|  0%| F|  |TAMS 0x0000000083b00000, 0x0000000083b00000| Untracked 
|  36|0x0000000083c00000, 0x0000000083c00000, 0x0000000083d00000|  0%| F|  |TAMS 0x0000000083c00000, 0x0000000083c00000| Untracked 
|  37|0x0000000083d00000, 0x0000000083d00000, 0x0000000083e00000|  0%| F|  |TAMS 0x0000000083d00000, 0x0000000083d00000| Untracked 
|  38|0x0000000083e00000, 0x0000000083e00000, 0x0000000083f00000|  0%| F|  |TAMS 0x0000000083e00000, 0x0000000083e00000| Untracked 
|  39|0x0000000083f00000, 0x0000000083f00000, 0x0000000084000000|  0%| F|  |TAMS 0x0000000083f00000, 0x0000000083f00000| Untracked 
|  40|0x0000000084000000, 0x0000000084000000, 0x0000000084100000|  0%| F|  |TAMS 0x0000000084000000, 0x0000000084000000| Untracked 
|  41|0x0000000084100000, 0x0000000084100000, 0x0000000084200000|  0%| F|  |TAMS 0x0000000084100000, 0x0000000084100000| Untracked 
|  42|0x0000000084200000, 0x0000000084200000, 0x0000000084300000|  0%| F|  |TAMS 0x0000000084200000, 0x0000000084200000| Untracked 
|  43|0x0000000084300000, 0x0000000084300000, 0x0000000084400000|  0%| F|  |TAMS 0x0000000084300000, 0x0000000084300000| Untracked 
|  44|0x0000000084400000, 0x0000000084400000, 0x0000000084500000|  0%| F|  |TAMS 0x0000000084400000, 0x0000000084400000| Untracked 
|  45|0x0000000084500000, 0x0000000084500000, 0x0000000084600000|  0%| F|  |TAMS 0x0000000084500000, 0x0000000084500000| Untracked 
|  46|0x0000000084600000, 0x0000000084600000, 0x0000000084700000|  0%| F|  |TAMS 0x0000000084600000, 0x0000000084600000| Untracked 
|  47|0x0000000084700000, 0x000000008476fad0, 0x0000000084800000| 43%| S|CS|TAMS 0x0000000084700000, 0x0000000084700000| Complete 
|  48|0x0000000084800000, 0x0000000084900000, 0x0000000084900000|100%| S|CS|TAMS 0x0000000084800000, 0x0000000084800000| Complete 
|  49|0x0000000084900000, 0x0000000084a00000, 0x0000000084a00000|100%| S|CS|TAMS 0x0000000084900000, 0x0000000084900000| Complete 
|  50|0x0000000084a00000, 0x0000000084b00000, 0x0000000084b00000|100%| S|CS|TAMS 0x0000000084a00000, 0x0000000084a00000| Complete 
|  51|0x0000000084b00000, 0x0000000084c00000, 0x0000000084c00000|100%| S|CS|TAMS 0x0000000084b00000, 0x0000000084b00000| Complete 
|  52|0x0000000084c00000, 0x0000000084c00000, 0x0000000084d00000|  0%| F|  |TAMS 0x0000000084c00000, 0x0000000084c00000| Untracked 
|  53|0x0000000084d00000, 0x0000000084d00000, 0x0000000084e00000|  0%| F|  |TAMS 0x0000000084d00000, 0x0000000084d00000| Untracked 
|  54|0x0000000084e00000, 0x0000000084e00000, 0x0000000084f00000|  0%| F|  |TAMS 0x0000000084e00000, 0x0000000084e00000| Untracked 
|  55|0x0000000084f00000, 0x0000000084f00000, 0x0000000085000000|  0%| F|  |TAMS 0x0000000084f00000, 0x0000000084f00000| Untracked 
|  56|0x0000000085000000, 0x0000000085000000, 0x0000000085100000|  0%| F|  |TAMS 0x0000000085000000, 0x0000000085000000| Untracked 
|  57|0x0000000085100000, 0x0000000085100000, 0x0000000085200000|  0%| F|  |TAMS 0x0000000085100000, 0x0000000085100000| Untracked 
|  58|0x0000000085200000, 0x0000000085200000, 0x0000000085300000|  0%| F|  |TAMS 0x0000000085200000, 0x0000000085200000| Untracked 
|  59|0x0000000085300000, 0x0000000085300000, 0x0000000085400000|  0%| F|  |TAMS 0x0000000085300000, 0x0000000085300000| Untracked 
|  60|0x0000000085400000, 0x0000000085400000, 0x0000000085500000|  0%| F|  |TAMS 0x0000000085400000, 0x0000000085400000| Untracked 
|  61|0x0000000085500000, 0x0000000085500000, 0x0000000085600000|  0%| F|  |TAMS 0x0000000085500000, 0x0000000085500000| Untracked 
|  62|0x0000000085600000, 0x0000000085600000, 0x0000000085700000|  0%| F|  |TAMS 0x0000000085600000, 0x0000000085600000| Untracked 
|  63|0x0000000085700000, 0x0000000085700000, 0x0000000085800000|  0%| F|  |TAMS 0x0000000085700000, 0x0000000085700000| Untracked 
|  64|0x0000000085800000, 0x0000000085800000, 0x0000000085900000|  0%| F|  |TAMS 0x0000000085800000, 0x0000000085800000| Untracked 
|  65|0x0000000085900000, 0x0000000085900000, 0x0000000085a00000|  0%| F|  |TAMS 0x0000000085900000, 0x0000000085900000| Untracked 
|  66|0x0000000085a00000, 0x0000000085a00000, 0x0000000085b00000|  0%| F|  |TAMS 0x0000000085a00000, 0x0000000085a00000| Untracked 
|  67|0x0000000085b00000, 0x0000000085b00000, 0x0000000085c00000|  0%| F|  |TAMS 0x0000000085b00000, 0x0000000085b00000| Untracked 
|  68|0x0000000085c00000, 0x0000000085c00000, 0x0000000085d00000|  0%| F|  |TAMS 0x0000000085c00000, 0x0000000085c00000| Untracked 
|  69|0x0000000085d00000, 0x0000000085d00000, 0x0000000085e00000|  0%| F|  |TAMS 0x0000000085d00000, 0x0000000085d00000| Untracked 
|  70|0x0000000085e00000, 0x0000000085e00000, 0x0000000085f00000|  0%| F|  |TAMS 0x0000000085e00000, 0x0000000085e00000| Untracked 
|  71|0x0000000085f00000, 0x0000000085f00000, 0x0000000086000000|  0%| F|  |TAMS 0x0000000085f00000, 0x0000000085f00000| Untracked 
|  72|0x0000000086000000, 0x0000000086000000, 0x0000000086100000|  0%| F|  |TAMS 0x0000000086000000, 0x0000000086000000| Untracked 
|  73|0x0000000086100000, 0x0000000086100000, 0x0000000086200000|  0%| F|  |TAMS 0x0000000086100000, 0x0000000086100000| Untracked 
|  74|0x0000000086200000, 0x0000000086200000, 0x0000000086300000|  0%| F|  |TAMS 0x0000000086200000, 0x0000000086200000| Untracked 
|  75|0x0000000086300000, 0x0000000086300000, 0x0000000086400000|  0%| F|  |TAMS 0x0000000086300000, 0x0000000086300000| Untracked 
|  76|0x0000000086400000, 0x0000000086400000, 0x0000000086500000|  0%| F|  |TAMS 0x0000000086400000, 0x0000000086400000| Untracked 
|  77|0x0000000086500000, 0x0000000086500000, 0x0000000086600000|  0%| F|  |TAMS 0x0000000086500000, 0x0000000086500000| Untracked 
|  78|0x0000000086600000, 0x0000000086600000, 0x0000000086700000|  0%| F|  |TAMS 0x0000000086600000, 0x0000000086600000| Untracked 
|  79|0x0000000086700000, 0x0000000086700000, 0x0000000086800000|  0%| F|  |TAMS 0x0000000086700000, 0x0000000086700000| Untracked 
|  80|0x0000000086800000, 0x0000000086800000, 0x0000000086900000|  0%| F|  |TAMS 0x0000000086800000, 0x0000000086800000| Untracked 
|  81|0x0000000086900000, 0x0000000086900000, 0x0000000086a00000|  0%| F|  |TAMS 0x0000000086900000, 0x0000000086900000| Untracked 
|  82|0x0000000086a00000, 0x0000000086a00000, 0x0000000086b00000|  0%| F|  |TAMS 0x0000000086a00000, 0x0000000086a00000| Untracked 
|  83|0x0000000086b00000, 0x0000000086b00000, 0x0000000086c00000|  0%| F|  |TAMS 0x0000000086b00000, 0x0000000086b00000| Untracked 
|  84|0x0000000086c00000, 0x0000000086c00000, 0x0000000086d00000|  0%| F|  |TAMS 0x0000000086c00000, 0x0000000086c00000| Untracked 
|  85|0x0000000086d00000, 0x0000000086d00000, 0x0000000086e00000|  0%| F|  |TAMS 0x0000000086d00000, 0x0000000086d00000| Untracked 
|  86|0x0000000086e00000, 0x0000000086e00000, 0x0000000086f00000|  0%| F|  |TAMS 0x0000000086e00000, 0x0000000086e00000| Untracked 
|  87|0x0000000086f00000, 0x0000000086f00000, 0x0000000087000000|  0%| F|  |TAMS 0x0000000086f00000, 0x0000000086f00000| Untracked 
|  88|0x0000000087000000, 0x0000000087000000, 0x0000000087100000|  0%| F|  |TAMS 0x0000000087000000, 0x0000000087000000| Untracked 
|  89|0x0000000087100000, 0x0000000087100000, 0x0000000087200000|  0%| F|  |TAMS 0x0000000087100000, 0x0000000087100000| Untracked 
|  90|0x0000000087200000, 0x0000000087200000, 0x0000000087300000|  0%| F|  |TAMS 0x0000000087200000, 0x0000000087200000| Untracked 
|  91|0x0000000087300000, 0x0000000087300000, 0x0000000087400000|  0%| F|  |TAMS 0x0000000087300000, 0x0000000087300000| Untracked 
|  92|0x0000000087400000, 0x0000000087400000, 0x0000000087500000|  0%| F|  |TAMS 0x0000000087400000, 0x0000000087400000| Untracked 
|  93|0x0000000087500000, 0x0000000087500000, 0x0000000087600000|  0%| F|  |TAMS 0x0000000087500000, 0x0000000087500000| Untracked 
|  94|0x0000000087600000, 0x0000000087600000, 0x0000000087700000|  0%| F|  |TAMS 0x0000000087600000, 0x0000000087600000| Untracked 
|  95|0x0000000087700000, 0x0000000087700000, 0x0000000087800000|  0%| F|  |TAMS 0x0000000087700000, 0x0000000087700000| Untracked 
|  96|0x0000000087800000, 0x0000000087800000, 0x0000000087900000|  0%| F|  |TAMS 0x0000000087800000, 0x0000000087800000| Untracked 
|  97|0x0000000087900000, 0x0000000087900000, 0x0000000087a00000|  0%| F|  |TAMS 0x0000000087900000, 0x0000000087900000| Untracked 
|  98|0x0000000087a00000, 0x0000000087a00000, 0x0000000087b00000|  0%| F|  |TAMS 0x0000000087a00000, 0x0000000087a00000| Untracked 
|  99|0x0000000087b00000, 0x0000000087b00000, 0x0000000087c00000|  0%| F|  |TAMS 0x0000000087b00000, 0x0000000087b00000| Untracked 
| 100|0x0000000087c00000, 0x0000000087c00000, 0x0000000087d00000|  0%| F|  |TAMS 0x0000000087c00000, 0x0000000087c00000| Untracked 
| 101|0x0000000087d00000, 0x0000000087d00000, 0x0000000087e00000|  0%| F|  |TAMS 0x0000000087d00000, 0x0000000087d00000| Untracked 
| 102|0x0000000087e00000, 0x0000000087e00000, 0x0000000087f00000|  0%| F|  |TAMS 0x0000000087e00000, 0x0000000087e00000| Untracked 
| 103|0x0000000087f00000, 0x0000000087f00000, 0x0000000088000000|  0%| F|  |TAMS 0x0000000087f00000, 0x0000000087f00000| Untracked 
| 104|0x0000000088000000, 0x0000000088000000, 0x0000000088100000|  0%| F|  |TAMS 0x0000000088000000, 0x0000000088000000| Untracked 
| 105|0x0000000088100000, 0x0000000088100000, 0x0000000088200000|  0%| F|  |TAMS 0x0000000088100000, 0x0000000088100000| Untracked 
| 106|0x0000000088200000, 0x0000000088200000, 0x0000000088300000|  0%| F|  |TAMS 0x0000000088200000, 0x0000000088200000| Untracked 
| 107|0x0000000088300000, 0x0000000088300000, 0x0000000088400000|  0%| F|  |TAMS 0x0000000088300000, 0x0000000088300000| Untracked 
| 108|0x0000000088400000, 0x0000000088400000, 0x0000000088500000|  0%| F|  |TAMS 0x0000000088400000, 0x0000000088400000| Untracked 
| 109|0x0000000088500000, 0x0000000088500000, 0x0000000088600000|  0%| F|  |TAMS 0x0000000088500000, 0x0000000088500000| Untracked 
| 110|0x0000000088600000, 0x0000000088600000, 0x0000000088700000|  0%| F|  |TAMS 0x0000000088600000, 0x0000000088600000| Untracked 
| 111|0x0000000088700000, 0x0000000088700000, 0x0000000088800000|  0%| F|  |TAMS 0x0000000088700000, 0x0000000088700000| Untracked 
| 112|0x0000000088800000, 0x0000000088800000, 0x0000000088900000|  0%| F|  |TAMS 0x0000000088800000, 0x0000000088800000| Untracked 
| 113|0x0000000088900000, 0x0000000088900000, 0x0000000088a00000|  0%| F|  |TAMS 0x0000000088900000, 0x0000000088900000| Untracked 
| 114|0x0000000088a00000, 0x0000000088a00000, 0x0000000088b00000|  0%| F|  |TAMS 0x0000000088a00000, 0x0000000088a00000| Untracked 
| 115|0x0000000088b00000, 0x0000000088b00000, 0x0000000088c00000|  0%| F|  |TAMS 0x0000000088b00000, 0x0000000088b00000| Untracked 
| 116|0x0000000088c00000, 0x0000000088c00000, 0x0000000088d00000|  0%| F|  |TAMS 0x0000000088c00000, 0x0000000088c00000| Untracked 
| 117|0x0000000088d00000, 0x0000000088d00000, 0x0000000088e00000|  0%| F|  |TAMS 0x0000000088d00000, 0x0000000088d00000| Untracked 
| 118|0x0000000088e00000, 0x0000000088e00000, 0x0000000088f00000|  0%| F|  |TAMS 0x0000000088e00000, 0x0000000088e00000| Untracked 
| 119|0x0000000088f00000, 0x0000000088f00000, 0x0000000089000000|  0%| F|  |TAMS 0x0000000088f00000, 0x0000000088f00000| Untracked 
| 120|0x0000000089000000, 0x0000000089000000, 0x0000000089100000|  0%| F|  |TAMS 0x0000000089000000, 0x0000000089000000| Untracked 
| 121|0x0000000089100000, 0x0000000089100000, 0x0000000089200000|  0%| F|  |TAMS 0x0000000089100000, 0x0000000089100000| Untracked 
| 122|0x0000000089200000, 0x0000000089200000, 0x0000000089300000|  0%| F|  |TAMS 0x0000000089200000, 0x0000000089200000| Untracked 
| 123|0x0000000089300000, 0x0000000089300000, 0x0000000089400000|  0%| F|  |TAMS 0x0000000089300000, 0x0000000089300000| Untracked 
| 124|0x0000000089400000, 0x0000000089400000, 0x0000000089500000|  0%| F|  |TAMS 0x0000000089400000, 0x0000000089400000| Untracked 
| 125|0x0000000089500000, 0x0000000089500000, 0x0000000089600000|  0%| F|  |TAMS 0x0000000089500000, 0x0000000089500000| Untracked 
| 126|0x0000000089600000, 0x0000000089600000, 0x0000000089700000|  0%| F|  |TAMS 0x0000000089600000, 0x0000000089600000| Untracked 
| 127|0x0000000089700000, 0x0000000089700000, 0x0000000089800000|  0%| F|  |TAMS 0x0000000089700000, 0x0000000089700000| Untracked 

Card table byte_map: [0x000002d55a4e0000,0x000002d55a8e0000] _byte_map_base: 0x000002d55a0d4000

Marking Bits (Prev, Next): (CMBitMap*) 0x000002d540e25160, (CMBitMap*) 0x000002d540e25128
 Prev Bits: [0x000002d55cc80000, 0x000002d55ec20000)
 Next Bits: [0x000002d55ace0000, 0x000002d55cc80000)

Polling page: 0x000002d540c60000

Metaspace:

Usage:
  Non-class:     24.86 MB capacity,    24.33 MB ( 98%) used,   449.59 KB (  2%) free+waste,    91.31 KB ( <1%) overhead. 
      Class:      3.48 MB capacity,     3.15 MB ( 90%) used,   294.53 KB (  8%) free+waste,    45.13 KB (  1%) overhead. 
       Both:     28.34 MB capacity,    27.48 MB ( 97%) used,   744.13 KB (  3%) free+waste,   136.44 KB ( <1%) overhead. 

Virtual space:
  Non-class space:       26.00 MB reserved,      25.00 MB ( 96%) committed 
      Class space:        1.00 GB reserved,       3.50 MB ( <1%) committed 
             Both:        1.03 GB reserved,      28.50 MB (  3%) committed 

Chunk freelists:
   Non-Class:  2.13 KB
       Class:  2.25 KB
        Both:  4.38 KB

CodeHeap 'non-profiled nmethods': size=120064Kb used=969Kb max_used=969Kb free=119094Kb
 bounds [0x000002d552580000, 0x000002d5527f0000, 0x000002d559ac0000]
CodeHeap 'profiled nmethods': size=120000Kb used=4588Kb max_used=4588Kb free=115411Kb
 bounds [0x000002d54b050000, 0x000002d54b4d0000, 0x000002d552580000]
CodeHeap 'non-nmethods': size=5696Kb used=1143Kb max_used=1168Kb free=4552Kb
 bounds [0x000002d54aac0000, 0x000002d54ad30000, 0x000002d54b050000]
 total_blobs=2878 nmethods=2406 adapters=383
 compilation: enabled
              stopped_count=0, restarted_count=0
 full_count=0

Compilation events (10 events):
Event: 2.407 Thread 0x000002d561242000 nmethod 2406 0x000002d54b4c9410 code [0x000002d54b4c9660, 0x000002d54b4ca068]
Event: 2.408 Thread 0x000002d561242000 2407       3       java.util.concurrent.ConcurrentHashMap$MapEntry::<init> (20 bytes)
Event: 2.409 Thread 0x000002d561242000 nmethod 2407 0x000002d54b4ca390 code [0x000002d54b4ca540, 0x000002d54b4ca7b8]
Event: 2.409 Thread 0x000002d561242000 2408       3       java.util.concurrent.ConcurrentHashMap$EntryIterator::next (51 bytes)
Event: 2.409 Thread 0x000002d561242000 nmethod 2408 0x000002d54b4ca890 code [0x000002d54b4caa80, 0x000002d54b4caf78]
Event: 2.424 Thread 0x000002d561234800 nmethod 2401 0x000002d55266f310 code [0x000002d55266f4e0, 0x000002d55266ff78]
Event: 2.424 Thread 0x000002d561234800 2403       4       java.util.Properties$LineReader::readLine (584 bytes)
Event: 2.436 Thread 0x000002d562511000 nmethod 2402% 0x000002d552670610 code [0x000002d552670820, 0x000002d552671980]
Event: 2.436 Thread 0x000002d562511000 2409       4       java.util.jar.Manifest$FastInputStream::peek (38 bytes)
Event: 2.438 Thread 0x000002d562511000 nmethod 2409 0x000002d552672390 code [0x000002d552672520, 0x000002d552672608]

GC Heap History (10 events):
Event: 0.876 GC heap after
{Heap after GC invocations=1 (full 0):
 garbage-first heap   total 131072K, used 6391K [0x0000000081800000, 0x0000000100000000)
  region size 1024K, 2 young (2048K), 2 survivors (2048K)
 Metaspace       used 12926K, capacity 13266K, committed 13440K, reserved 1060864K
  class space    used 1297K, capacity 1406K, committed 1408K, reserved 1048576K
}
Event: 0.986 GC heap before
{Heap before GC invocations=1 (full 0):
 garbage-first heap   total 131072K, used 10487K [0x0000000081800000, 0x0000000100000000)
  region size 1024K, 6 young (6144K), 2 survivors (2048K)
 Metaspace       used 14231K, capacity 14560K, committed 14720K, reserved 1062912K
  class space    used 1423K, capacity 1539K, committed 1664K, reserved 1048576K
}
Event: 0.990 GC heap after
{Heap after GC invocations=2 (full 0):
 garbage-first heap   total 131072K, used 6849K [0x0000000081800000, 0x0000000100000000)
  region size 1024K, 1 young (1024K), 1 survivors (1024K)
 Metaspace       used 14231K, capacity 14560K, committed 14720K, reserved 1062912K
  class space    used 1423K, capacity 1539K, committed 1664K, reserved 1048576K
}
Event: 1.222 GC heap before
{Heap before GC invocations=2 (full 0):
 garbage-first heap   total 131072K, used 27329K [0x0000000081800000, 0x0000000100000000)
  region size 1024K, 22 young (22528K), 1 survivors (1024K)
 Metaspace       used 15915K, capacity 16339K, committed 16384K, reserved 1064960K
  class space    used 1624K, capacity 1773K, committed 1792K, reserved 1048576K
}
Event: 1.225 GC heap after
{Heap after GC invocations=3 (full 0):
 garbage-first heap   total 131072K, used 7466K [0x0000000081800000, 0x0000000100000000)
  region size 1024K, 2 young (2048K), 2 survivors (2048K)
 Metaspace       used 15915K, capacity 16339K, committed 16384K, reserved 1064960K
  class space    used 1624K, capacity 1773K, committed 1792K, reserved 1048576K
}
Event: 1.341 GC heap before
{Heap before GC invocations=3 (full 0):
 garbage-first heap   total 131072K, used 39210K [0x0000000081800000, 0x0000000100000000)
  region size 1024K, 34 young (34816K), 2 survivors (2048K)
 Metaspace       used 16348K, capacity 16760K, committed 17024K, reserved 1064960K
  class space    used 1684K, capacity 1850K, committed 1920K, reserved 1048576K
}
Event: 1.346 GC heap after
{Heap after GC invocations=4 (full 0):
 garbage-first heap   total 131072K, used 7492K [0x0000000081800000, 0x0000000100000000)
  region size 1024K, 2 young (2048K), 2 survivors (2048K)
 Metaspace       used 16348K, capacity 16760K, committed 17024K, reserved 1064960K
  class space    used 1684K, capacity 1850K, committed 1920K, reserved 1048576K
}
Event: 1.840 GC heap before
{Heap before GC invocations=4 (full 0):
 garbage-first heap   total 131072K, used 31044K [0x0000000081800000, 0x0000000100000000)
  region size 1024K, 26 young (26624K), 2 survivors (2048K)
 Metaspace       used 20587K, capacity 21234K, committed 21296K, reserved 1069056K
  class space    used 2294K, capacity 2545K, committed 2560K, reserved 1048576K
}
Event: 1.845 GC heap after
{Heap after GC invocations=5 (full 0):
 garbage-first heap   total 131072K, used 9026K [0x0000000081800000, 0x0000000100000000)
  region size 1024K, 3 young (3072K), 3 survivors (3072K)
 Metaspace       used 20587K, capacity 21234K, committed 21296K, reserved 1069056K
  class space    used 2294K, capacity 2545K, committed 2560K, reserved 1048576K
}
Event: 2.446 GC heap before
{Heap before GC invocations=6 (full 0):
 garbage-first heap   total 131072K, used 82754K [0x0000000081800000, 0x0000000100000000)
  region size 1024K, 76 young (77824K), 3 survivors (3072K)
 Metaspace       used 28140K, capacity 29021K, committed 29184K, reserved 1075200K
  class space    used 3226K, capacity 3566K, committed 3584K, reserved 1048576K
}

Deoptimization events (10 events):
Event: 1.889 Thread 0x000002d5635f8800 Uncommon trap: reason=intrinsic_or_type_checked_inlining action=make_not_entrant pc=0x000002d55263c978 method=java.util.Arrays.copyOf([Ljava/lang/Object;ILjava/lang/Class;)[Ljava/lang/Object; @ 35 c2
Event: 1.963 Thread 0x000002d5630ad000 Uncommon trap: reason=unstable_if action=reinterpret pc=0x000002d5525d9894 method=java.util.HashMap.hash(Ljava/lang/Object;)I @ 1 c2
Event: 1.972 Thread 0x000002d5630ad000 Uncommon trap: reason=unstable_if action=reinterpret pc=0x000002d5525ff728 method=java.util.concurrent.ConcurrentHashMap.putVal(Ljava/lang/Object;Ljava/lang/Object;Z)Ljava/lang/Object; @ 112 c2
Event: 1.972 Thread 0x000002d5630ad000 Uncommon trap: reason=unstable_if action=reinterpret pc=0x000002d55260b3e4 method=java.util.concurrent.ConcurrentHashMap.addCount(JI)V @ 168 c2
Event: 2.097 Thread 0x000002d5630ad000 Uncommon trap: reason=unstable_if action=reinterpret pc=0x000002d55264a000 method=java.util.concurrent.ConcurrentHashMap.transfer([Ljava/util/concurrent/ConcurrentHashMap$Node;[Ljava/util/concurrent/ConcurrentHashMap$Node;)V @ 273 c2
Event: 2.130 Thread 0x000002d5630ad000 Uncommon trap: reason=unstable_if action=reinterpret pc=0x000002d5525d239c method=java.util.concurrent.ConcurrentHashMap.get(Ljava/lang/Object;)Ljava/lang/Object; @ 76 c2
Event: 2.193 Thread 0x000002d5630ad000 Uncommon trap: reason=bimorphic_or_optimized_type_check action=maybe_recompile pc=0x000002d552626970 method=java.util.HashMap.putVal(ILjava/lang/Object;Ljava/lang/Object;ZZ)Ljava/lang/Object; @ 203 c2
Event: 2.247 Thread 0x000002d5635f8800 Uncommon trap: reason=unstable_if action=reinterpret pc=0x000002d5525c22dc method=jdk.internal.org.objectweb.asm.Type.getArgumentsAndReturnSizes(Ljava/lang/String;)I @ 47 c2
Event: 2.291 Thread 0x000002d5630ad000 Uncommon trap: reason=unstable_if action=reinterpret pc=0x000002d5525cf6c4 method=java.util.zip.ZipFile$Source.getEntryPos([BZ)I @ 156 c2
Event: 2.395 Thread 0x000002d5630ad000 Uncommon trap: reason=unstable_if action=reinterpret pc=0x000002d5526480b0 method=java.lang.String.<init>([CIILjava/lang/Void;)V @ 5 c2

Classes redefined (0 events):
No events

Internal exceptions (10 events):
Event: 2.147 Thread 0x000002d5630ad000 Exception <a 'java/lang/ClassNotFoundException'{0x00000000878d4ea0}: org/springframework/beans/factory/BeanClassLoaderAwareCustomizer> (0x00000000878d4ea0) thrown at [./open/src/hotspot/share/classfile/systemDictionary.cpp, line 228]
Event: 2.148 Thread 0x000002d5630ad000 Exception <a 'java/lang/ClassNotFoundException'{0x00000000878e2138}: org/springframework/beans/factory/AwareCustomizer> (0x00000000878e2138) thrown at [./open/src/hotspot/share/classfile/systemDictionary.cpp, line 228]
Event: 2.149 Thread 0x000002d5630ad000 Exception <a 'java/lang/ClassNotFoundException'{0x00000000878eeca8}: org/springframework/context/EnvironmentAwareCustomizer> (0x00000000878eeca8) thrown at [./open/src/hotspot/share/classfile/systemDictionary.cpp, line 228]
Event: 2.150 Thread 0x000002d5630ad000 Exception <a 'java/lang/ClassNotFoundException'{0x00000000878fbeb8}: org/springframework/beans/factory/AwareCustomizer> (0x00000000878fbeb8) thrown at [./open/src/hotspot/share/classfile/systemDictionary.cpp, line 228]
Event: 2.247 Thread 0x000002d5635f8800 Exception <a 'java/lang/NoSuchMethodError'{0x0000000086f95170}: java.lang.invoke.DirectMethodHandle$Holder.invokeSpecial(Ljava/lang/Object;Ljava/lang/Object;)J> (0x0000000086f95170) thrown at [./open/src/hotspot/share/interpreter/linkResolver.cpp, line 77
Event: 2.250 Thread 0x000002d5635f8800 Exception <a 'java/lang/NoSuchMethodError'{0x0000000086f9f4b8}: java.lang.invoke.DirectMethodHandle$Holder.invokeStatic(Ljava/lang/Object;Ljava/lang/Object;)J> (0x0000000086f9f4b8) thrown at [./open/src/hotspot/share/interpreter/linkResolver.cpp, line 772
Event: 2.250 Thread 0x000002d5635f8800 Exception <a 'java/lang/NoSuchMethodError'{0x0000000086fa22e0}: java.lang.invoke.DirectMethodHandle$Holder.invokeStaticInit(Ljava/lang/Object;Ljava/lang/Object;)J> (0x0000000086fa22e0) thrown at [./open/src/hotspot/share/interpreter/linkResolver.cpp, line
Event: 2.253 Thread 0x000002d5635f8800 Exception <a 'java/lang/NoSuchMethodError'{0x0000000086fae7a0}: java.lang.invoke.DirectMethodHandle$Holder.invokeInterface(Ljava/lang/Object;Ljava/lang/Object;)J> (0x0000000086fae7a0) thrown at [./open/src/hotspot/share/interpreter/linkResolver.cpp, line 
Event: 2.253 Thread 0x000002d5635f8800 Exception <a 'java/lang/IncompatibleClassChangeError'{0x0000000086fb1538}: Found class java.lang.Object, but interface was expected> (0x0000000086fb1538) thrown at [./open/src/hotspot/share/interpreter/linkResolver.cpp, line 838]
Event: 2.267 Thread 0x000002d5635f8800 Exception <a 'java/lang/NoSuchMethodError'{0x0000000086d8d790}: java.lang.invoke.DirectMethodHandle$Holder.invokeVirtual(Ljava/lang/Object;Ljava/lang/Object;Ljava/lang/Object;Ljava/lang/Object;)Ljava/lang/Object;> (0x0000000086d8d790) thrown at [./open/sr

Events (10 events):
Event: 2.429 loading class com/samskivert/mustache/Mustache done
Event: 2.429 loading class org/neo4j/driver/Driver
Event: 2.429 loading class org/neo4j/driver/Driver done
Event: 2.429 loading class io/netty/util/NettyRuntime
Event: 2.429 loading class io/netty/util/NettyRuntime done
Event: 2.430 loading class javax/persistence/EntityManager
Event: 2.430 loading class javax/persistence/EntityManager done
Event: 2.430 loading class org/hibernate/engine/spi/SessionImplementor
Event: 2.430 loading class org/hibernate/engine/spi/SessionImplementor done
Event: 2.446 Executing VM operation: G1CollectForAllocation


Dynamic libraries:
0x00007ff61e0b0000 - 0x00007ff61e0bf000 	C:\Program Files\Java\jdk-11.0.12\bin\java.exe
0x00007ffb3b610000 - 0x00007ffb3b805000 	C:\Windows\SYSTEM32\ntdll.dll
0x00007ffb39fc0000 - 0x00007ffb3a07e000 	C:\Windows\System32\KERNEL32.DLL
0x00007ffb38fd0000 - 0x00007ffb39298000 	C:\Windows\System32\KERNELBASE.dll
0x00007ffb38ed0000 - 0x00007ffb38fd0000 	C:\Windows\System32\ucrtbase.dll
0x00007ffb2b0e0000 - 0x00007ffb2b0f5000 	C:\Program Files\Java\jdk-11.0.12\bin\VCRUNTIME140.dll
0x00007ffb1bcc0000 - 0x00007ffb1bcd8000 	C:\Program Files\Java\jdk-11.0.12\bin\jli.dll
0x00007ffb3a400000 - 0x00007ffb3a4ac000 	C:\Windows\System32\ADVAPI32.dll
0x00007ffb3b470000 - 0x00007ffb3b50e000 	C:\Windows\System32\msvcrt.dll
0x00007ffb3b3b0000 - 0x00007ffb3b44b000 	C:\Windows\System32\sechost.dll
0x00007ffb3a650000 - 0x00007ffb3a77a000 	C:\Windows\System32\RPCRT4.dll
0x00007ffb39770000 - 0x00007ffb39911000 	C:\Windows\System32\USER32.dll
0x00007ffb392a0000 - 0x00007ffb392c2000 	C:\Windows\System32\win32u.dll
0x00007ffb39da0000 - 0x00007ffb39dcb000 	C:\Windows\System32\GDI32.dll
0x00007ffb38d30000 - 0x00007ffb38e3b000 	C:\Windows\System32\gdi32full.dll
0x00007ffb395c0000 - 0x00007ffb3965d000 	C:\Windows\System32\msvcp_win.dll
0x00007ffb339a0000 - 0x00007ffb339aa000 	C:\Windows\SYSTEM32\VERSION.dll
0x00007ffb1fc20000 - 0x00007ffb1feba000 	C:\Windows\WinSxS\amd64_microsoft.windows.common-controls_6595b64144ccf1df_6.0.19041.1110_none_60b5254171f9507e\COMCTL32.dll
0x00007ffb3a590000 - 0x00007ffb3a5c0000 	C:\Windows\System32\IMM32.DLL
0x00007ffb02500000 - 0x00007ffb0259b000 	C:\Program Files\Java\jdk-11.0.12\bin\msvcp140.dll
0x00007ffaf4ba0000 - 0x00007ffaf569f000 	C:\Program Files\Java\jdk-11.0.12\bin\server\jvm.dll
0x00007ffb3aec0000 - 0x00007ffb3aec8000 	C:\Windows\System32\PSAPI.DLL
0x00007ffb33550000 - 0x00007ffb33559000 	C:\Windows\SYSTEM32\WSOCK32.dll
0x00007ffb3af80000 - 0x00007ffb3afeb000 	C:\Windows\System32\WS2_32.dll
0x00007ffb1f4b0000 - 0x00007ffb1f4d7000 	C:\Windows\SYSTEM32\WINMM.dll
0x00007ffb375b0000 - 0x00007ffb375c2000 	C:\Windows\SYSTEM32\kernel.appcore.dll
0x00007ffb351e0000 - 0x00007ffb351f0000 	C:\Program Files\Java\jdk-11.0.12\bin\verify.dll
0x00007ffb2bcd0000 - 0x00007ffb2beb4000 	C:\Windows\SYSTEM32\DBGHELP.DLL
0x00007ffb120b0000 - 0x00007ffb120dc000 	C:\Windows\SYSTEM32\dbgcore.DLL
0x00007ffb38e40000 - 0x00007ffb38ec3000 	C:\Windows\System32\bcryptPrimitives.dll
0x00007ffb15b40000 - 0x00007ffb15b68000 	C:\Program Files\Java\jdk-11.0.12\bin\java.dll
0x00007ffb32a10000 - 0x00007ffb32a1a000 	C:\Program Files\Java\jdk-11.0.12\bin\jimage.dll
0x00007ffb13f50000 - 0x00007ffb13f66000 	C:\Program Files\Java\jdk-11.0.12\bin\zip.dll
0x00007ffb3a780000 - 0x00007ffb3aebf000 	C:\Windows\System32\SHELL32.dll
0x00007ffb36dc0000 - 0x00007ffb37550000 	C:\Windows\SYSTEM32\windows.storage.dll
0x00007ffb3aff0000 - 0x00007ffb3b345000 	C:\Windows\System32\combase.dll
0x00007ffb386b0000 - 0x00007ffb386de000 	C:\Windows\SYSTEM32\Wldp.dll
0x00007ffb39660000 - 0x00007ffb3970d000 	C:\Windows\System32\SHCORE.dll
0x00007ffb3b350000 - 0x00007ffb3b3a5000 	C:\Windows\System32\shlwapi.dll
0x00007ffb38c70000 - 0x00007ffb38c8f000 	C:\Windows\SYSTEM32\profapi.dll
0x00007ffb2b160000 - 0x00007ffb2b179000 	C:\Program Files\Java\jdk-11.0.12\bin\net.dll
0x00007ffb2ace0000 - 0x00007ffb2adec000 	C:\Windows\SYSTEM32\WINHTTP.dll
0x00007ffb38410000 - 0x00007ffb3847a000 	C:\Windows\system32\mswsock.dll
0x00007ffb352b0000 - 0x00007ffb352c2000 	C:\Program Files\Java\jdk-11.0.12\bin\nio.dll
0x00007ffb32a20000 - 0x00007ffb32a29000 	C:\Program Files\Java\jdk-11.0.12\bin\management.dll
0x00007ffb329d0000 - 0x00007ffb329db000 	C:\Program Files\Java\jdk-11.0.12\bin\management_ext.dll
0x00007ffafd430000 - 0x00007ffafd447000 	C:\Windows\system32\napinsp.dll
0x00007ffb00160000 - 0x00007ffb0017b000 	C:\Windows\system32\pnrpnsp.dll
0x00007ffb32e60000 - 0x00007ffb32e75000 	C:\Windows\system32\wshbth.dll
0x00007ffb34150000 - 0x00007ffb3416d000 	C:\Windows\system32\NLAapi.dll
0x00007ffb38100000 - 0x00007ffb3813b000 	C:\Windows\SYSTEM32\IPHLPAPI.DLL
0x00007ffb38140000 - 0x00007ffb3820b000 	C:\Windows\SYSTEM32\DNSAPI.dll
0x00007ffb3a640000 - 0x00007ffb3a648000 	C:\Windows\System32\NSI.dll
0x00007ffb1d560000 - 0x00007ffb1d572000 	C:\Windows\System32\winrnr.dll
0x00007ffb2bcc0000 - 0x00007ffb2bcca000 	C:\Windows\System32\rasadhlp.dll
0x00007ffb2ab20000 - 0x00007ffb2ab9f000 	C:\Windows\System32\fwpuclnt.dll
0x00007ffb39430000 - 0x00007ffb39457000 	C:\Windows\System32\bcrypt.dll
0x00007ffb38600000 - 0x00007ffb38618000 	C:\Windows\SYSTEM32\CRYPTSP.dll
0x00007ffb37d90000 - 0x00007ffb37dc4000 	C:\Windows\system32\rsaenh.dll
0x00007ffb38be0000 - 0x00007ffb38c0e000 	C:\Windows\SYSTEM32\USERENV.dll
0x00007ffb38620000 - 0x00007ffb3862c000 	C:\Windows\SYSTEM32\CRYPTBASE.dll
0x00007ffb2c630000 - 0x00007ffb2c647000 	C:\Windows\SYSTEM32\dhcpcsvc6.DLL
0x00007ffb2c6a0000 - 0x00007ffb2c6bd000 	C:\Windows\SYSTEM32\dhcpcsvc.DLL

dbghelp: loaded successfully - version: 4.0.5 - missing functions: none
symbol engine: initialized successfully - sym options: 0x614 - pdb path: .;C:\Program Files\Java\jdk-11.0.12\bin;C:\Windows\SYSTEM32;C:\Windows\WinSxS\amd64_microsoft.windows.common-controls_6595b64144ccf1df_6.0.19041.1110_none_60b5254171f9507e;C:\Program Files\Java\jdk-11.0.12\bin\server

VM Arguments:
jvm_args: -Dcom.sun.management.jmxremote -Dcom.sun.management.jmxremote.port=57603 -Dcom.sun.management.jmxremote.authenticate=false -Dcom.sun.management.jmxremote.ssl=false -Djava.rmi.server.hostname=localhost -Dspring.application.admin.enabled=true -Dspring.jmx.enabled=true -Dfile.encoding=UTF-8 
java_command: com.ejemplo.tiendaalamano.TiendaALaManoApplication
java_class_path (initial): C:\Users\Administrador\Desktop\HACKATON\HACKATONGRUPOC\Spring Boot Project\target\classes;C:\Users\Administrador\.m2\repository\org\springframework\boot\spring-boot-starter-data-jpa\2.5.4\spring-boot-starter-data-jpa-2.5.4.jar;C:\Users\Administrador\.m2\repository\org\springframework\boot\spring-boot-starter-aop\2.5.4\spring-boot-starter-aop-2.5.4.jar;C:\Users\Administrador\.m2\repository\org\aspectj\aspectjweaver\1.9.7\aspectjweaver-1.9.7.jar;C:\Users\Administrador\.m2\repository\org\springframework\boot\spring-boot-starter-jdbc\2.5.4\spring-boot-starter-jdbc-2.5.4.jar;C:\Users\Administrador\.m2\repository\com\zaxxer\HikariCP\4.0.3\HikariCP-4.0.3.jar;C:\Users\Administrador\.m2\repository\org\springframework\spring-jdbc\5.3.9\spring-jdbc-5.3.9.jar;C:\Users\Administrador\.m2\repository\jakarta\transaction\jakarta.transaction-api\1.3.3\jakarta.transaction-api-1.3.3.jar;C:\Users\Administrador\.m2\repository\jakarta\persistence\jakarta.persistence-api\2.2.3\jakarta.persistence-api-2.2.3.jar;C:\Users\Administrador\.m2\repository\org\hibernate\hibernate-core\5.4.32.Final\hibernate-core-5.4.32.Final.jar;C:\Users\Administrador\.m2\repository\org\jboss\logging\jboss-logging\3.4.2.Final\jboss-logging-3.4.2.Final.jar;C:\Users\Administrador\.m2\repository\org\javassist\javassist\3.27.0-GA\javassist-3.27.0-GA.jar;C:\Users\Administrador\.m2\repository\net\bytebuddy\byte-buddy\1.10.22\byte-buddy-1.10.22.jar;C:\Users\Administrador\.m2\repository\antlr\antlr\2.7.7\antlr-2.7.7.jar;C:\Users\Administrador\.m2\repository\org\jboss\jandex\2.2.3.Final\jandex-2.2.3.Final.jar;C:\Users\Administrador\.m2\repository\com\fasterxml\classmate\1.5.1\classmate-1.5.1.jar;C:\Users\Administrador\.m2\repository\org\dom4j\dom4j\2.1.3\dom4j-2.1.3.jar;C:\Users\Administrador\.m2\repository\org\hibernate\common\hibernate-commons-annotations\5.1.2.Final\hibernate-commons-annotations-5.1.2.Final.jar;C:\Users\Administrador\.m2\repository\org\glassfish\jaxb\jaxb-runtime\2.3.5\jaxb-r
Launcher Type: SUN_STANDARD

[Global flags]
     intx CICompilerCount                          = 3                                         {product} {ergonomic}
     uint ConcGCThreads                            = 1                                         {product} {ergonomic}
     uint G1ConcRefinementThreads                  = 4                                         {product} {ergonomic}
   size_t G1HeapRegionSize                         = 1048576                                   {product} {ergonomic}
    uintx GCDrainStackTargetSize                   = 64                                        {product} {ergonomic}
   size_t InitialHeapSize                          = 134217728                                 {product} {ergonomic}
     bool ManagementServer                         = true                                      {product} {command line}
   size_t MarkStackSize                            = 4194304                                   {product} {ergonomic}
   size_t MaxHeapSize                              = 2122317824                                {product} {ergonomic}
   size_t MaxNewSize                               = 1272971264                                {product} {ergonomic}
   size_t MinHeapDeltaBytes                        = 1048576                                   {product} {ergonomic}
    uintx NonNMethodCodeHeapSize                   = 5830732                                {pd product} {ergonomic}
    uintx NonProfiledCodeHeapSize                  = 122913754                              {pd product} {ergonomic}
    uintx ProfiledCodeHeapSize                     = 122913754                              {pd product} {ergonomic}
    uintx ReservedCodeCacheSize                    = 251658240                              {pd product} {ergonomic}
     bool SegmentedCodeCache                       = true                                      {product} {ergonomic}
     bool UseCompressedClassPointers               = true                                 {lp64_product} {ergonomic}
     bool UseCompressedOops                        = true                                 {lp64_product} {ergonomic}
     bool UseG1GC                                  = true                                      {product} {ergonomic}
     bool UseLargePagesIndividualAllocation        = false                                  {pd product} {ergonomic}

Logging:
Log output configuration:
 #0: stdout all=warning uptime,level,tags
 #1: stderr all=off uptime,level,tags

Environment Variables:
PATH=C:\Program Files\Common Files\Oracle\Java\javapath;C:\Program Files (x86)\Common Files\Oracle\Java\javapath;C:\Windows\system32;C:\Windows;C:\Windows\System32\Wbem;C:\Windows\System32\WindowsPowerShell\v1.0\;C:\Windows\System32\OpenSSH\;C:\Program Files\Git\cmd;C:\composer;C:\Program Files\nodejs\;C:\Program Files\Java\jdk-11.0.12\bin;C:\Users\Administrador\AppData\Local\Programs\Python\Python39\Scripts\;C:\Users\Administrador\AppData\Local\Programs\Python\Python39\;C:\Users\Administrador\AppData\Local\Microsoft\WindowsApps;C:\Users\Administrador\AppData\Local\Programs\Microsoft VS Code\bin;C:\Users\Administrador\AppData\Local\GitHubDesktop\bin;C:\xampp\php;C:\Users\Administrador\AppData\Local\ComposerSetup\bin;C:\Users\Administrador\AppData\Roaming\Composer\vendor\bin;C:\Users\Administrador\AppData\Roaming\npm;C:\Program Files\heroku\bin
USERNAME=Administrador
OS=Windows_NT
PROCESSOR_IDENTIFIER=Intel64 Family 6 Model 78 Stepping 3, GenuineIntel



---------------  S Y S T E M  ---------------

OS: Windows 10 , 64 bit Build 19041 (10.0.19041.1348)

CPU:total 4 (initial active 4) (2 cores per cpu, 2 threads per core) family 6 model 78 stepping 3 microcode 0xea, cmov, cx8, fxsr, mmx, sse, sse2, sse3, ssse3, sse4.1, sse4.2, popcnt, avx, avx2, aes, clmul, erms, 3dnowpref, lzcnt, ht, tsc, tscinvbit, bmi1, bmi2, adx, fma

Memory: 4k page, system-wide physical 8088M (1203M free)
TotalPageFile size 8088M (AvailPageFile size 26M)
current process WorkingSet (physical memory assigned to process): 171M, peak: 171M
current process commit charge ("private bytes"): 246M, peak: 272M

vm_info: Java HotSpot(TM) 64-Bit Server VM (11.0.12+8-LTS-237) for windows-amd64 JRE (11.0.12+8-LTS-237), built on Jun  8 2021 11:25:59 by "mach5one" with MS VC++ 15.9 (VS2017)

END.
